Log file open, 11/30/19 17:38:46
LogWindows: Failed to load 'aqProf.dll' (GetLastError=126)
LogWindows: File 'aqProf.dll' does not exist
LogWindows: Failed to load 'VtuneApi.dll' (GetLastError=126)
LogWindows: File 'VtuneApi.dll' does not exist
LogWindows: Failed to load 'VtuneApi32e.dll' (GetLastError=126)
LogWindows: File 'VtuneApi32e.dll' does not exist
LogConsoleResponse: Display: Failed to find resolution value strings in scalability ini. Falling back to default.
LogInit: Display: Running engine for game: MyProject_Final
LogPakFile: Registered encryption key '00000000000000000000000000000000': 0 pak files mounted, 0 remain pending
LogPlatformFile: Not using cached read wrapper
LogTaskGraph: Started task graph with 5 named threads and 11 total threads with 3 sets of task threads.
LogStats: Stats thread started at 0.167232
LogD3D11RHI: Loaded GFSDK_Aftermath_Lib.x64.dll
LogICUInternationalization: ICU TimeZone Detection - Raw Offset: -5:00, Platform Override: ''
LogConfig: Warning: Failed to saved backup for config[E:/DAGD300/300_Final/MyProject_Final/Intermediate/Config/CoalescedSourceConfigs/Engine.ini]
LogConfig: Warning: Failed to saved backup for config[E:/DAGD300/300_Final/MyProject_Final/Intermediate/Config/CoalescedSourceConfigs/EditorPerProjectUserSettings.ini]
LogConfig: Warning: Failed to saved backup for config[E:/DAGD300/300_Final/MyProject_Final/Intermediate/Config/CoalescedSourceConfigs/EditorKeyBindings.ini]
LogConfig: Warning: Failed to saved backup for config[E:/DAGD300/300_Final/MyProject_Final/Intermediate/Config/CoalescedSourceConfigs/Lightmass.ini]
LogPluginManager: Mounting plugin Paper2D
LogPluginManager: Mounting plugin AISupport
LogPluginManager: Mounting plugin LightPropagationVolume
LogPluginManager: Mounting plugin ActorLayerUtilities
LogPluginManager: Mounting plugin AnimationSharing
LogPluginManager: Mounting plugin CLionSourceCodeAccess
LogPluginManager: Mounting plugin CodeLiteSourceCodeAccess
LogPluginManager: Mounting plugin GitSourceControl
LogPluginManager: Mounting plugin KDevelopSourceCodeAccess
LogPluginManager: Mounting plugin NullSourceCodeAccess
LogPluginManager: Mounting plugin PerforceSourceControl
LogPluginManager: Mounting plugin SubversionSourceControl
LogPluginManager: Mounting plugin UObjectPlugin
LogPluginManager: Mounting plugin VisualStudioCodeSourceCodeAccess
LogPluginManager: Mounting plugin VisualStudioSourceCodeAccess
LogPluginManager: Mounting plugin XCodeSourceCodeAccess
LogPluginManager: Mounting plugin AssetManagerEditor
LogPluginManager: Mounting plugin CryptoKeys
LogPluginManager: Mounting plugin DataValidation
LogPluginManager: Mounting plugin FacialAnimation
LogPluginManager: Mounting plugin GameplayTagsEditor
LogPluginManager: Mounting plugin MacGraphicsSwitching
LogPluginManager: Mounting plugin MaterialAnalyzer
LogPluginManager: Mounting plugin MobileLauncherProfileWizard
LogPluginManager: Mounting plugin PluginBrowser
LogPluginManager: Mounting plugin SpeedTreeImporter
LogPluginManager: Mounting plugin DatasmithContent
LogPluginManager: Mounting plugin VariantManagerContent
LogPluginManager: Mounting plugin AlembicImporter
LogPluginManager: Mounting plugin AppleImageUtils
LogPluginManager: Mounting plugin AppleVision
LogPluginManager: Mounting plugin BackChannel
LogPluginManager: Mounting plugin CharacterAI
LogPluginManager: Mounting plugin GeometryCache
LogPluginManager: Mounting plugin HTML5Networking
LogPluginManager: Mounting plugin ProxyLODPlugin
LogPluginManager: Mounting plugin SkeletalReduction
LogPluginManager: Mounting plugin MagicLeap
LogPluginManager: Mounting plugin MagicLeapMedia
LogPluginManager: Mounting plugin AndroidMedia
LogPluginManager: Mounting plugin AvfMedia
LogPluginManager: Mounting plugin ImgMedia
LogPluginManager: Mounting plugin LinearTimecode
LogPluginManager: Mounting plugin MediaCompositing
LogPluginManager: Mounting plugin MediaPlayerEditor
LogPluginManager: Mounting plugin WebMMedia
LogPluginManager: Mounting plugin WmfMedia
LogPluginManager: Mounting plugin TcpMessaging
LogPluginManager: Mounting plugin UdpMessaging
LogPluginManager: Mounting plugin ActorSequence
LogPluginManager: Mounting plugin LevelSequenceEditor
LogPluginManager: Mounting plugin MatineeToLevelSequence
LogPluginManager: Mounting plugin NetcodeUnitTest
LogPluginManager: Mounting plugin NUTUnrealEngine4
LogPluginManager: Mounting plugin OnlineSubsystemGooglePlay
LogPluginManager: Mounting plugin OnlineSubsystemIOS
LogPluginManager: Mounting plugin OnlineSubsystem
LogPluginManager: Mounting plugin OnlineSubsystemNull
LogPluginManager: Mounting plugin OnlineSubsystemUtils
LogPluginManager: Mounting plugin LauncherChunkInstaller
LogPluginManager: Mounting plugin AndroidDeviceProfileSelector
LogPluginManager: Mounting plugin AndroidMoviePlayer
LogPluginManager: Mounting plugin AndroidPermission
LogPluginManager: Mounting plugin AppleMoviePlayer
LogPluginManager: Mounting plugin ArchVisCharacter
LogPluginManager: Mounting plugin AudioCapture
LogPluginManager: Mounting plugin CableComponent
LogPluginManager: Mounting plugin CustomMeshComponent
LogPluginManager: Mounting plugin EditableMesh
LogPluginManager: Mounting plugin ExampleDeviceProfileSelector
LogPluginManager: Mounting plugin Firebase
LogPluginManager: Mounting plugin GoogleCloudMessaging
LogPluginManager: Mounting plugin IOSDeviceProfileSelector
LogPluginManager: Mounting plugin LinuxDeviceProfileSelector
LogPluginManager: Mounting plugin LocationServicesBPLibrary
LogPluginManager: Mounting plugin MobilePatchingUtils
LogPluginManager: Mounting plugin OculusVR
LogPluginManager: Mounting plugin PhysXVehicles
LogPluginManager: Mounting plugin ProceduralMeshComponent
LogPluginManager: Mounting plugin RuntimePhysXCooking
LogPluginManager: Mounting plugin SignificanceManager
LogPluginManager: Mounting plugin SteamVR
LogPluginManager: Mounting plugin WebMMoviePlayer
LogPluginManager: Mounting plugin WindowsMoviePlayer
LogInit: Using libcurl 7.55.1-DEV
LogInit:  - built for x86_64-pc-win32
LogInit:  - supports SSL with OpenSSL/1.1.1
LogInit:  - supports HTTP deflate (compression) using libz 1.2.8
LogInit:  - other features:
LogInit:      CURL_VERSION_SSL
LogInit:      CURL_VERSION_LIBZ
LogInit:      CURL_VERSION_IPV6
LogInit:      CURL_VERSION_ASYNCHDNS
LogInit:      CURL_VERSION_LARGEFILE
LogInit:      CURL_VERSION_IDN
LogInit:  CurlRequestOptions (configurable via config and command line):
LogInit:  - bVerifyPeer = true  - Libcurl will verify peer certificate
LogInit:  - bUseHttpProxy = false  - Libcurl will NOT use HTTP proxy
LogInit:  - bDontReuseConnections = false  - Libcurl will reuse connections
LogInit:  - MaxHostConnections = 16  - Libcurl will limit the number of connections to a host
LogInit:  - LocalHostAddr = Default
LogInit:  - BufferSize = 65536
LogInit: WinSock: version 1.1 (2.2), MaxSocks=32767, MaxUdp=65467
LogInit: Build: ++UE4+Release-4.22-CL-7053642
LogInit: Engine Version: 4.22.3-7053642+++UE4+Release-4.22
LogInit: Compatible Engine Version: 4.22.0-5660361+++UE4+Release-4.22
LogInit: Net CL: 5660361
LogInit: OS: Windows 10 (Release 1903) (), CPU: Intel(R) Pentium(R) CPU G4400 @ 3.30GHz, GPU: Intel(R) HD Graphics 510
LogInit: Compiled (64-bit): Jun 18 2019 03:09:11
LogInit: Compiled with Visual C++: 19.16.27025.01
LogInit: Build Configuration: Development
LogInit: Branch Name: ++UE4+Release-4.22
LogInit: Command Line: 
LogInit: Base Directory: C:/Program Files/Epic Games/UE_4.22/Engine/Binaries/Win64/
LogInit: Installed Engine Build: 1
LogDevObjectVersion: Number of dev versions registered: 23
LogDevObjectVersion:   Dev-Blueprints (B0D832E4-1F89-4F0D-ACCF-7EB736FD4AA2): 10
LogDevObjectVersion:   Dev-Build (E1C64328-A22C-4D53-A36C-8E866417BD8C): 0
LogDevObjectVersion:   Dev-Core (375EC13C-06E4-48FB-B500-84F0262A717E): 3
LogDevObjectVersion:   Dev-Editor (E4B068ED-F494-42E9-A231-DA0B2E46BB41): 30
LogDevObjectVersion:   Dev-Framework (CFFC743F-43B0-4480-9391-14DF171D2073): 35
LogDevObjectVersion:   Dev-Mobile (B02B49B5-BB20-44E9-A304-32B752E40360): 2
LogDevObjectVersion:   Dev-Networking (A4E4105C-59A1-49B5-A7C5-40C4547EDFEE): 0
LogDevObjectVersion:   Dev-Online (39C831C9-5AE6-47DC-9A44-9C173E1C8E7C): 0
LogDevObjectVersion:   Dev-Physics (78F01B33-EBEA-4F98-B9B4-84EACCB95AA2): 0
LogDevObjectVersion:   Dev-Platform (6631380F-2D4D-43E0-8009-CF276956A95A): 0
LogDevObjectVersion:   Dev-Rendering (12F88B9F-8875-4AFC-A67C-D90C383ABD29): 28
LogDevObjectVersion:   Dev-Sequencer (7B5AE74C-D270-4C10-A958-57980B212A5A): 11
LogDevObjectVersion:   Dev-VR (D7296918-1DD6-4BDD-9DE2-64A83CC13884): 2
LogDevObjectVersion:   Dev-LoadTimes (C2A15278-BFE7-4AFE-6C17-90FF531DF755): 1
LogDevObjectVersion:   Private-Geometry (6EACA3D4-40EC-4CC1-B786-8BED09428FC5): 3
LogDevObjectVersion:   Dev-AnimPhys (29E575DD-E0A3-4627-9D10-D276232CDCEA): 17
LogDevObjectVersion:   Dev-Anim (AF43A65D-7FD3-4947-9873-3E8ED9C1BB05): 2
LogDevObjectVersion:   Dev-ReflectionCapture (6B266CEC-1EC7-4B8F-A30B-E4D90942FC07): 1
LogDevObjectVersion:   Dev-Automation (0DF73D61-A23F-47EA-B727-89E90C41499A): 1
LogDevObjectVersion:   FortniteMain (601D1886-AC64-4F84-AA16-D3DE0DEAC7D6): 25
LogDevObjectVersion:   Dev-Enterprise (9DFFBCD6-494F-0158-E221-12823C92A888): 6
LogDevObjectVersion:   Dev-Niagara (F2AED0AC-9AFE-416F-8664-AA7FFA26D6FC): 1
LogDevObjectVersion:   Dev-Destruction (174F1F0B-B4C6-45A5-B13F-2EE8D0FB917D): 2
LogInit: Presizing for max 16777216 objects, including 0 objects not considered by GC, pre-allocating 0 bytes for permanent pool.
LogInit: Object subsystem initialized
LogConfig: Setting CVar [[con.DebugEarlyDefault:1]]
LogConfig: Setting CVar [[r.setres:1280x720]]
[2019.11.30-22.38.50:652][  0]LogConfig: Setting CVar [[r.VSync:0]]
[2019.11.30-22.38.50:652][  0]LogConfig: Setting CVar [[r.RHICmdBypass:0]]
[2019.11.30-22.38.50:652][  0]LogConfig: Applying CVar settings from Section [/Script/Engine.RendererSettings] File [E:/DAGD300/300_Final/MyProject_Final/Saved/Config/Windows/Engine.ini]
[2019.11.30-22.38.50:652][  0]LogConfig: Setting CVar [[r.GPUCrashDebugging:0]]
[2019.11.30-22.38.50:653][  0]LogConfig: Applying CVar settings from Section [/Script/Engine.RendererOverrideSettings] File [E:/DAGD300/300_Final/MyProject_Final/Saved/Config/Windows/Engine.ini]
[2019.11.30-22.38.50:653][  0]LogConfig: Applying CVar settings from Section [/Script/Engine.StreamingSettings] File [E:/DAGD300/300_Final/MyProject_Final/Saved/Config/Windows/Engine.ini]
[2019.11.30-22.38.50:653][  0]LogConfig: Setting CVar [[s.MinBulkDataSizeForAsyncLoading:131072]]
[2019.11.30-22.38.50:653][  0]LogConfig: Setting CVar [[s.AsyncLoadingThreadEnabled:0]]
[2019.11.30-22.38.50:653][  0]LogConfig: Setting CVar [[s.EventDrivenLoaderEnabled:1]]
[2019.11.30-22.38.50:653][  0]LogConfig: Setting CVar [[s.WarnIfTimeLimitExceeded:0]]
[2019.11.30-22.38.50:653][  0]LogConfig: Setting CVar [[s.TimeLimitExceededMultiplier:1.5]]
[2019.11.30-22.38.50:653][  0]LogConfig: Setting CVar [[s.TimeLimitExceededMinTime:0.005]]
[2019.11.30-22.38.50:653][  0]LogConfig: Setting CVar [[s.UseBackgroundLevelStreaming:1]]
[2019.11.30-22.38.50:653][  0]LogConfig: Setting CVar [[s.PriorityAsyncLoadingExtraTime:15.0]]
[2019.11.30-22.38.50:653][  0]LogConfig: Setting CVar [[s.LevelStreamingActorsUpdateTimeLimit:5.0]]
[2019.11.30-22.38.50:653][  0]LogConfig: Setting CVar [[s.PriorityLevelStreamingActorsUpdateExtraTime:5.0]]
[2019.11.30-22.38.50:653][  0]LogConfig: Setting CVar [[s.LevelStreamingComponentsRegistrationGranularity:10]]
[2019.11.30-22.38.50:653][  0]LogConfig: Setting CVar [[s.UnregisterComponentsTimeLimit:1.0]]
[2019.11.30-22.38.50:653][  0]LogConfig: Setting CVar [[s.LevelStreamingComponentsUnregistrationGranularity:5]]
[2019.11.30-22.38.50:654][  0]LogConfig: Applying CVar settings from Section [/Script/Engine.GarbageCollectionSettings] File [E:/DAGD300/300_Final/MyProject_Final/Saved/Config/Windows/Engine.ini]
[2019.11.30-22.38.50:654][  0]LogConfig: Setting CVar [[gc.MaxObjectsNotConsideredByGC:1]]
[2019.11.30-22.38.50:654][  0]LogConfig: Setting CVar [[gc.SizeOfPermanentObjectPool:0]]
[2019.11.30-22.38.50:654][  0]LogConfig: Setting CVar [[gc.FlushStreamingOnGC:0]]
[2019.11.30-22.38.50:654][  0]LogConfig: Setting CVar [[gc.NumRetriesBeforeForcingGC:10]]
[2019.11.30-22.38.50:654][  0]LogConfig: Setting CVar [[gc.AllowParallelGC:1]]
[2019.11.30-22.38.50:654][  0]LogConfig: Setting CVar [[gc.TimeBetweenPurgingPendingKillObjects:61.1]]
[2019.11.30-22.38.50:654][  0]LogConfig: Setting CVar [[gc.MaxObjectsInEditor:16777216]]
[2019.11.30-22.38.50:654][  0]LogConfig: Setting CVar [[gc.IncrementalBeginDestroyEnabled:1]]
[2019.11.30-22.38.50:654][  0]LogConfig: Setting CVar [[gc.CreateGCClusters:1]]
[2019.11.30-22.38.50:654][  0]LogConfig: Setting CVar [[gc.MinGCClusterSize:5]]
[2019.11.30-22.38.50:654][  0]LogConfig: Setting CVar [[gc.ActorClusteringEnabled:0]]
[2019.11.30-22.38.50:654][  0]LogConfig: Setting CVar [[gc.BlueprintClusteringEnabled:0]]
[2019.11.30-22.38.50:654][  0]LogConfig: Setting CVar [[gc.UseDisregardForGCOnDedicatedServers:0]]
[2019.11.30-22.38.50:654][  0]LogConfig: Applying CVar settings from Section [/Script/Engine.NetworkSettings] File [E:/DAGD300/300_Final/MyProject_Final/Saved/Config/Windows/Engine.ini]
[2019.11.30-22.38.50:654][  0]LogConfig: Applying CVar settings from Section [/Script/UnrealEd.CookerSettings] File [E:/DAGD300/300_Final/MyProject_Final/Saved/Config/Windows/Engine.ini]
[2019.11.30-22.38.50:732][  0]LogConfig: Applying CVar settings from Section [ViewDistanceQuality@3] File [E:/DAGD300/300_Final/MyProject_Final/Saved/Config/Windows/Scalability.ini]
[2019.11.30-22.38.50:732][  0]LogConfig: Setting CVar [[r.SkeletalMeshLODBias:0]]
[2019.11.30-22.38.50:732][  0]LogConfig: Setting CVar [[r.ViewDistanceScale:1.0]]
[2019.11.30-22.38.50:732][  0]LogConfig: Applying CVar settings from Section [AntiAliasingQuality@3] File [E:/DAGD300/300_Final/MyProject_Final/Saved/Config/Windows/Scalability.ini]
[2019.11.30-22.38.50:733][  0]LogConfig: Setting CVar [[r.PostProcessAAQuality:4]]
[2019.11.30-22.38.50:733][  0]LogConfig: Applying CVar settings from Section [ShadowQuality@3] File [E:/DAGD300/300_Final/MyProject_Final/Saved/Config/Windows/Scalability.ini]
[2019.11.30-22.38.50:733][  0]LogConfig: Setting CVar [[r.LightFunctionQuality:1]]
[2019.11.30-22.38.50:733][  0]LogConfig: Setting CVar [[r.ShadowQuality:5]]
[2019.11.30-22.38.50:733][  0]LogConfig: Setting CVar [[r.Shadow.CSM.MaxCascades:10]]
[2019.11.30-22.38.50:733][  0]LogConfig: Setting CVar [[r.Shadow.MaxResolution:2048]]
[2019.11.30-22.38.50:733][  0]LogConfig: Setting CVar [[r.Shadow.MaxCSMResolution:2048]]
[2019.11.30-22.38.50:733][  0]LogConfig: Setting CVar [[r.Shadow.RadiusThreshold:0.01]]
[2019.11.30-22.38.50:733][  0]LogConfig: Setting CVar [[r.Shadow.DistanceScale:1.0]]
[2019.11.30-22.38.50:733][  0]LogConfig: Setting CVar [[r.Shadow.CSM.TransitionScale:1.0]]
[2019.11.30-22.38.50:733][  0]LogConfig: Setting CVar [[r.Shadow.PreShadowResolutionFactor:1.0]]
[2019.11.30-22.38.50:733][  0]LogConfig: Setting CVar [[r.DistanceFieldShadowing:1]]
[2019.11.30-22.38.50:733][  0]LogConfig: Setting CVar [[r.DistanceFieldAO:1]]
[2019.11.30-22.38.50:733][  0]LogConfig: Setting CVar [[r.AOQuality:2]]
[2019.11.30-22.38.50:733][  0]LogConfig: Setting CVar [[r.VolumetricFog:1]]
[2019.11.30-22.38.50:734][  0]LogConfig: Setting CVar [[r.VolumetricFog.GridPixelSize:8]]
[2019.11.30-22.38.50:734][  0]LogConfig: Setting CVar [[r.VolumetricFog.GridSizeZ:128]]
[2019.11.30-22.38.50:734][  0]LogConfig: Setting CVar [[r.VolumetricFog.HistoryMissSupersampleCount:4]]
[2019.11.30-22.38.50:734][  0]LogConfig: Setting CVar [[r.LightMaxDrawDistanceScale:1]]
[2019.11.30-22.38.50:734][  0]LogConfig: Setting CVar [[r.CapsuleShadows:1]]
[2019.11.30-22.38.50:734][  0]LogConfig: Applying CVar settings from Section [PostProcessQuality@3] File [E:/DAGD300/300_Final/MyProject_Final/Saved/Config/Windows/Scalability.ini]
[2019.11.30-22.38.50:734][  0]LogConfig: Setting CVar [[r.MotionBlurQuality:4]]
[2019.11.30-22.38.50:734][  0]LogConfig: Setting CVar [[r.AmbientOcclusionMipLevelFactor:0.4]]
[2019.11.30-22.38.50:734][  0]LogConfig: Setting CVar [[r.AmbientOcclusionMaxQuality:100]]
[2019.11.30-22.38.50:734][  0]LogConfig: Setting CVar [[r.AmbientOcclusionLevels:-1]]
[2019.11.30-22.38.50:734][  0]LogConfig: Setting CVar [[r.AmbientOcclusionRadiusScale:1.0]]
[2019.11.30-22.38.50:734][  0]LogConfig: Setting CVar [[r.DepthOfFieldQuality:2]]
[2019.11.30-22.38.50:734][  0]LogConfig: Setting CVar [[r.RenderTargetPoolMin:400]]
[2019.11.30-22.38.50:734][  0]LogConfig: Setting CVar [[r.LensFlareQuality:2]]
[2019.11.30-22.38.50:734][  0]LogConfig: Setting CVar [[r.SceneColorFringeQuality:1]]
[2019.11.30-22.38.50:734][  0]LogConfig: Setting CVar [[r.EyeAdaptationQuality:2]]
[2019.11.30-22.38.50:734][  0]LogConfig: Setting CVar [[r.BloomQuality:5]]
[2019.11.30-22.38.50:735][  0]LogConfig: Setting CVar [[r.FastBlurThreshold:100]]
[2019.11.30-22.38.50:735][  0]LogConfig: Setting CVar [[r.Upscale.Quality:3]]
[2019.11.30-22.38.50:735][  0]LogConfig: Setting CVar [[r.Tonemapper.GrainQuantization:1]]
[2019.11.30-22.38.50:735][  0]LogConfig: Setting CVar [[r.LightShaftQuality:1]]
[2019.11.30-22.38.50:735][  0]LogConfig: Setting CVar [[r.Filter.SizeScale:1]]
[2019.11.30-22.38.50:735][  0]LogConfig: Setting CVar [[r.Tonemapper.Quality:5]]
[2019.11.30-22.38.50:735][  0]LogConfig: Setting CVar [[r.DOF.Gather.AccumulatorQuality:1        ; higher gathering accumulator quality]]
[2019.11.30-22.38.50:735][  0]LogConfig: Setting CVar [[r.DOF.Gather.PostfilterMethod:1          ; Median3x3 postfilering method]]
[2019.11.30-22.38.50:735][  0]LogConfig: Setting CVar [[r.DOF.Gather.EnableBokehSettings:0       ; no bokeh simulation when gathering]]
[2019.11.30-22.38.50:735][  0]LogConfig: Setting CVar [[r.DOF.Gather.RingCount:4                 ; medium number of samples when gathering]]
[2019.11.30-22.38.50:735][  0]LogConfig: Setting CVar [[r.DOF.Scatter.ForegroundCompositing:1    ; additive foreground scattering]]
[2019.11.30-22.38.50:735][  0]LogConfig: Setting CVar [[r.DOF.Scatter.BackgroundCompositing:2    ; additive background scattering]]
[2019.11.30-22.38.50:735][  0]LogConfig: Setting CVar [[r.DOF.Scatter.EnableBokehSettings:1      ; bokeh simulation when scattering]]
[2019.11.30-22.38.50:735][  0]LogConfig: Setting CVar [[r.DOF.Scatter.MaxSpriteRatio:0.1         ; only a maximum of 10% of scattered bokeh]]
[2019.11.30-22.38.50:735][  0]LogConfig: Setting CVar [[r.DOF.Recombine.Quality:1                ; cheap slight out of focus]]
[2019.11.30-22.38.50:735][  0]LogConfig: Setting CVar [[r.DOF.Recombine.EnableBokehSettings:0    ; no bokeh simulation on slight out of focus]]
[2019.11.30-22.38.50:736][  0]LogConfig: Setting CVar [[r.DOF.TemporalAAQuality:1                ; more stable temporal accumulation]]
[2019.11.30-22.38.50:736][  0]LogConfig: Setting CVar [[r.DOF.Kernel.MaxForegroundRadius:0.025]]
[2019.11.30-22.38.50:736][  0]LogConfig: Setting CVar [[r.DOF.Kernel.MaxBackgroundRadius:0.025]]
[2019.11.30-22.38.50:736][  0]LogConfig: Applying CVar settings from Section [TextureQuality@3] File [E:/DAGD300/300_Final/MyProject_Final/Saved/Config/Windows/Scalability.ini]
[2019.11.30-22.38.50:736][  0]LogConfig: Setting CVar [[r.Streaming.MipBias:0]]
[2019.11.30-22.38.50:736][  0]LogConfig: Setting CVar [[r.Streaming.AmortizeCPUToGPUCopy:0]]
[2019.11.30-22.38.50:736][  0]LogConfig: Setting CVar [[r.Streaming.MaxNumTexturesToStreamPerFrame:0]]
[2019.11.30-22.38.50:736][  0]LogConfig: Setting CVar [[r.Streaming.Boost:1]]
[2019.11.30-22.38.50:736][  0]LogConfig: Setting CVar [[r.MaxAnisotropy:8]]
[2019.11.30-22.38.50:736][  0]LogConfig: Setting CVar [[r.Streaming.LimitPoolSizeToVRAM:0]]
[2019.11.30-22.38.50:736][  0]LogConfig: Setting CVar [[r.Streaming.PoolSize:1000]]
[2019.11.30-22.38.50:736][  0]LogConfig: Setting CVar [[r.Streaming.MaxEffectiveScreenSize:0]]
[2019.11.30-22.38.50:736][  0]LogConfig: Applying CVar settings from Section [EffectsQuality@3] File [E:/DAGD300/300_Final/MyProject_Final/Saved/Config/Windows/Scalability.ini]
[2019.11.30-22.38.50:736][  0]LogConfig: Setting CVar [[r.TranslucencyLightingVolumeDim:64]]
[2019.11.30-22.38.50:736][  0]LogConfig: Setting CVar [[r.RefractionQuality:2]]
[2019.11.30-22.38.50:736][  0]LogConfig: Setting CVar [[r.SSR.Quality:3]]
[2019.11.30-22.38.50:737][  0]LogConfig: Setting CVar [[r.SceneColorFormat:4]]
[2019.11.30-22.38.50:737][  0]LogConfig: Setting CVar [[r.DetailMode:2]]
[2019.11.30-22.38.50:737][  0]LogConfig: Setting CVar [[r.TranslucencyVolumeBlur:1]]
[2019.11.30-22.38.50:737][  0]LogConfig: Setting CVar [[r.MaterialQualityLevel:1 ; High quality]]
[2019.11.30-22.38.50:737][  0]LogConfig: Setting CVar [[r.SSS.Scale:1]]
[2019.11.30-22.38.50:737][  0]LogConfig: Setting CVar [[r.SSS.SampleSet:2]]
[2019.11.30-22.38.50:737][  0]LogConfig: Setting CVar [[r.SSS.Quality:1]]
[2019.11.30-22.38.50:737][  0]LogConfig: Setting CVar [[r.SSS.HalfRes:1]]
[2019.11.30-22.38.50:737][  0]LogConfig: Setting CVar [[r.EmitterSpawnRateScale:1.0]]
[2019.11.30-22.38.50:737][  0]LogConfig: Setting CVar [[r.ParticleLightQuality:2]]
[2019.11.30-22.38.50:737][  0]LogConfig: Applying CVar settings from Section [FoliageQuality@3] File [E:/DAGD300/300_Final/MyProject_Final/Saved/Config/Windows/Scalability.ini]
[2019.11.30-22.38.50:737][  0]LogConfig: Setting CVar [[foliage.DensityScale:1.0]]
[2019.11.30-22.38.50:737][  0]LogConfig: Setting CVar [[grass.DensityScale:1.0]]
[2019.11.30-22.38.50:756][  0]LogInit: Selected Device Profile: [Windows]
[2019.11.30-22.38.50:757][  0]LogInit: Applying CVar settings loaded from the selected device profile: [Windows]
[2019.11.30-22.38.50:894][  0]LogHAL: Display: Platform has ~ 8 GB [8455933952 / 8589934592 / 8], which maps to Default [LargestMinGB=32, LargerMinGB=12, DefaultMinGB=8, SmallerMinGB=6, SmallestMinGB=0)
[2019.11.30-22.38.50:894][  0]LogConfig: Setting CVar [[r.Vulkan.UseRealUBs:0		; Required until we fix HLR fall-out]]
[2019.11.30-22.38.50:894][  0]LogInit: Going up to parent DeviceProfile []
[2019.11.30-22.38.50:894][  0]LogConfig: Applying CVar settings from Section [ViewDistanceQuality@3] File [E:/DAGD300/300_Final/MyProject_Final/Saved/Config/Windows/Scalability.ini]
[2019.11.30-22.38.50:894][  0]LogConfig: Setting CVar [[r.SkeletalMeshLODBias:0]]
[2019.11.30-22.38.50:894][  0]LogConfig: Setting CVar [[r.ViewDistanceScale:1.0]]
[2019.11.30-22.38.50:895][  0]LogConfig: Applying CVar settings from Section [AntiAliasingQuality@3] File [E:/DAGD300/300_Final/MyProject_Final/Saved/Config/Windows/Scalability.ini]
[2019.11.30-22.38.50:895][  0]LogConfig: Setting CVar [[r.PostProcessAAQuality:4]]
[2019.11.30-22.38.50:895][  0]LogConfig: Applying CVar settings from Section [ShadowQuality@3] File [E:/DAGD300/300_Final/MyProject_Final/Saved/Config/Windows/Scalability.ini]
[2019.11.30-22.38.50:895][  0]LogConfig: Setting CVar [[r.LightFunctionQuality:1]]
[2019.11.30-22.38.50:895][  0]LogConfig: Setting CVar [[r.ShadowQuality:5]]
[2019.11.30-22.38.50:895][  0]LogConfig: Setting CVar [[r.Shadow.CSM.MaxCascades:10]]
[2019.11.30-22.38.50:895][  0]LogConfig: Setting CVar [[r.Shadow.MaxResolution:2048]]
[2019.11.30-22.38.50:895][  0]LogConfig: Setting CVar [[r.Shadow.MaxCSMResolution:2048]]
[2019.11.30-22.38.50:895][  0]LogConfig: Setting CVar [[r.Shadow.RadiusThreshold:0.01]]
[2019.11.30-22.38.50:895][  0]LogConfig: Setting CVar [[r.Shadow.DistanceScale:1.0]]
[2019.11.30-22.38.50:895][  0]LogConfig: Setting CVar [[r.Shadow.CSM.TransitionScale:1.0]]
[2019.11.30-22.38.50:895][  0]LogConfig: Setting CVar [[r.Shadow.PreShadowResolutionFactor:1.0]]
[2019.11.30-22.38.50:895][  0]LogConfig: Setting CVar [[r.DistanceFieldShadowing:1]]
[2019.11.30-22.38.50:895][  0]LogConfig: Setting CVar [[r.DistanceFieldAO:1]]
[2019.11.30-22.38.50:895][  0]LogConfig: Setting CVar [[r.AOQuality:2]]
[2019.11.30-22.38.50:895][  0]LogConfig: Setting CVar [[r.VolumetricFog:1]]
[2019.11.30-22.38.50:895][  0]LogConfig: Setting CVar [[r.VolumetricFog.GridPixelSize:8]]
[2019.11.30-22.38.50:895][  0]LogConfig: Setting CVar [[r.VolumetricFog.GridSizeZ:128]]
[2019.11.30-22.38.50:895][  0]LogConfig: Setting CVar [[r.VolumetricFog.HistoryMissSupersampleCount:4]]
[2019.11.30-22.38.50:895][  0]LogConfig: Setting CVar [[r.LightMaxDrawDistanceScale:1]]
[2019.11.30-22.38.50:895][  0]LogConfig: Setting CVar [[r.CapsuleShadows:1]]
[2019.11.30-22.38.50:895][  0]LogConfig: Applying CVar settings from Section [PostProcessQuality@3] File [E:/DAGD300/300_Final/MyProject_Final/Saved/Config/Windows/Scalability.ini]
[2019.11.30-22.38.50:895][  0]LogConfig: Setting CVar [[r.MotionBlurQuality:4]]
[2019.11.30-22.38.50:895][  0]LogConfig: Setting CVar [[r.AmbientOcclusionMipLevelFactor:0.4]]
[2019.11.30-22.38.50:895][  0]LogConfig: Setting CVar [[r.AmbientOcclusionMaxQuality:100]]
[2019.11.30-22.38.50:895][  0]LogConfig: Setting CVar [[r.AmbientOcclusionLevels:-1]]
[2019.11.30-22.38.50:895][  0]LogConfig: Setting CVar [[r.AmbientOcclusionRadiusScale:1.0]]
[2019.11.30-22.38.50:895][  0]LogConfig: Setting CVar [[r.DepthOfFieldQuality:2]]
[2019.11.30-22.38.50:895][  0]LogConfig: Setting CVar [[r.RenderTargetPoolMin:400]]
[2019.11.30-22.38.50:895][  0]LogConfig: Setting CVar [[r.LensFlareQuality:2]]
[2019.11.30-22.38.50:895][  0]LogConfig: Setting CVar [[r.SceneColorFringeQuality:1]]
[2019.11.30-22.38.50:895][  0]LogConfig: Setting CVar [[r.EyeAdaptationQuality:2]]
[2019.11.30-22.38.50:895][  0]LogConfig: Setting CVar [[r.BloomQuality:5]]
[2019.11.30-22.38.50:896][  0]LogConfig: Setting CVar [[r.FastBlurThreshold:100]]
[2019.11.30-22.38.50:896][  0]LogConfig: Setting CVar [[r.Upscale.Quality:3]]
[2019.11.30-22.38.50:896][  0]LogConfig: Setting CVar [[r.Tonemapper.GrainQuantization:1]]
[2019.11.30-22.38.50:896][  0]LogConfig: Setting CVar [[r.LightShaftQuality:1]]
[2019.11.30-22.38.50:896][  0]LogConfig: Setting CVar [[r.Filter.SizeScale:1]]
[2019.11.30-22.38.50:896][  0]LogConfig: Setting CVar [[r.Tonemapper.Quality:5]]
[2019.11.30-22.38.50:896][  0]LogConfig: Setting CVar [[r.DOF.Gather.AccumulatorQuality:1        ; higher gathering accumulator quality]]
[2019.11.30-22.38.50:896][  0]LogConfig: Setting CVar [[r.DOF.Gather.PostfilterMethod:1          ; Median3x3 postfilering method]]
[2019.11.30-22.38.50:896][  0]LogConfig: Setting CVar [[r.DOF.Gather.EnableBokehSettings:0       ; no bokeh simulation when gathering]]
[2019.11.30-22.38.50:896][  0]LogConfig: Setting CVar [[r.DOF.Gather.RingCount:4                 ; medium number of samples when gathering]]
[2019.11.30-22.38.50:896][  0]LogConfig: Setting CVar [[r.DOF.Scatter.ForegroundCompositing:1    ; additive foreground scattering]]
[2019.11.30-22.38.50:896][  0]LogConfig: Setting CVar [[r.DOF.Scatter.BackgroundCompositing:2    ; additive background scattering]]
[2019.11.30-22.38.50:896][  0]LogConfig: Setting CVar [[r.DOF.Scatter.EnableBokehSettings:1      ; bokeh simulation when scattering]]
[2019.11.30-22.38.50:896][  0]LogConfig: Setting CVar [[r.DOF.Scatter.MaxSpriteRatio:0.1         ; only a maximum of 10% of scattered bokeh]]
[2019.11.30-22.38.50:896][  0]LogConfig: Setting CVar [[r.DOF.Recombine.Quality:1                ; cheap slight out of focus]]
[2019.11.30-22.38.50:896][  0]LogConfig: Setting CVar [[r.DOF.Recombine.EnableBokehSettings:0    ; no bokeh simulation on slight out of focus]]
[2019.11.30-22.38.50:896][  0]LogConfig: Setting CVar [[r.DOF.TemporalAAQuality:1                ; more stable temporal accumulation]]
[2019.11.30-22.38.50:896][  0]LogConfig: Setting CVar [[r.DOF.Kernel.MaxForegroundRadius:0.025]]
[2019.11.30-22.38.50:896][  0]LogConfig: Setting CVar [[r.DOF.Kernel.MaxBackgroundRadius:0.025]]
[2019.11.30-22.38.50:896][  0]LogConfig: Applying CVar settings from Section [TextureQuality@3] File [E:/DAGD300/300_Final/MyProject_Final/Saved/Config/Windows/Scalability.ini]
[2019.11.30-22.38.50:896][  0]LogConfig: Setting CVar [[r.Streaming.MipBias:0]]
[2019.11.30-22.38.50:896][  0]LogConfig: Setting CVar [[r.Streaming.AmortizeCPUToGPUCopy:0]]
[2019.11.30-22.38.50:896][  0]LogConfig: Setting CVar [[r.Streaming.MaxNumTexturesToStreamPerFrame:0]]
[2019.11.30-22.38.50:896][  0]LogConfig: Setting CVar [[r.Streaming.Boost:1]]
[2019.11.30-22.38.50:896][  0]LogConfig: Setting CVar [[r.MaxAnisotropy:8]]
[2019.11.30-22.38.50:896][  0]LogConfig: Setting CVar [[r.Streaming.LimitPoolSizeToVRAM:0]]
[2019.11.30-22.38.50:896][  0]LogConfig: Setting CVar [[r.Streaming.PoolSize:1000]]
[2019.11.30-22.38.50:896][  0]LogConfig: Setting CVar [[r.Streaming.MaxEffectiveScreenSize:0]]
[2019.11.30-22.38.50:896][  0]LogConfig: Applying CVar settings from Section [EffectsQuality@3] File [E:/DAGD300/300_Final/MyProject_Final/Saved/Config/Windows/Scalability.ini]
[2019.11.30-22.38.50:896][  0]LogConfig: Setting CVar [[r.TranslucencyLightingVolumeDim:64]]
[2019.11.30-22.38.50:897][  0]LogConfig: Setting CVar [[r.RefractionQuality:2]]
[2019.11.30-22.38.50:897][  0]LogConfig: Setting CVar [[r.SSR.Quality:3]]
[2019.11.30-22.38.50:897][  0]LogConfig: Setting CVar [[r.SceneColorFormat:4]]
[2019.11.30-22.38.50:897][  0]LogConfig: Setting CVar [[r.DetailMode:2]]
[2019.11.30-22.38.50:897][  0]LogConfig: Setting CVar [[r.TranslucencyVolumeBlur:1]]
[2019.11.30-22.38.50:897][  0]LogConfig: Setting CVar [[r.MaterialQualityLevel:1 ; High quality]]
[2019.11.30-22.38.50:897][  0]LogConfig: Setting CVar [[r.SSS.Scale:1]]
[2019.11.30-22.38.50:897][  0]LogConfig: Setting CVar [[r.SSS.SampleSet:2]]
[2019.11.30-22.38.50:897][  0]LogConfig: Setting CVar [[r.SSS.Quality:1]]
[2019.11.30-22.38.50:897][  0]LogConfig: Setting CVar [[r.SSS.HalfRes:1]]
[2019.11.30-22.38.50:897][  0]LogConfig: Setting CVar [[r.EmitterSpawnRateScale:1.0]]
[2019.11.30-22.38.50:897][  0]LogConfig: Setting CVar [[r.ParticleLightQuality:2]]
[2019.11.30-22.38.50:897][  0]LogConfig: Applying CVar settings from Section [FoliageQuality@3] File [E:/DAGD300/300_Final/MyProject_Final/Saved/Config/Windows/Scalability.ini]
[2019.11.30-22.38.50:897][  0]LogConfig: Setting CVar [[foliage.DensityScale:1.0]]
[2019.11.30-22.38.50:897][  0]LogConfig: Setting CVar [[grass.DensityScale:1.0]]
[2019.11.30-22.38.50:897][  0]LogConfig: Applying CVar settings from Section [Startup] File [../../../Engine/Config/ConsoleVariables.ini]
[2019.11.30-22.38.50:920][  0]LogConfig: Setting CVar [[net.UseAdaptiveNetUpdateFrequency:0]]
[2019.11.30-22.38.50:920][  0]LogConfig: Setting CVar [[p.chaos.AllowCreatePhysxBodies:1]]
[2019.11.30-22.38.50:920][  0]LogConfig: Applying CVar settings from Section [ConsoleVariables] File [E:/DAGD300/300_Final/MyProject_Final/Saved/Config/Windows/Engine.ini]
[2019.11.30-22.38.50:939][  0]LogInit: Computer: HOMEELIJAH
[2019.11.30-22.38.50:939][  0]LogInit: User: user
[2019.11.30-22.38.50:939][  0]LogInit: CPU Page size=4096, Cores=2
[2019.11.30-22.38.50:939][  0]LogInit: High frequency timer resolution =10.000000 MHz
[2019.11.30-22.38.50:952][  0]LogMemory: Memory total: Physical=7.9GB (8GB approx)
[2019.11.30-22.38.50:952][  0]LogMemory: Platform Memory Stats for Windows
[2019.11.30-22.38.50:952][  0]LogMemory: Process Physical Memory: 96.23 MB used, 96.23 MB peak
[2019.11.30-22.38.50:952][  0]LogMemory: Process Virtual Memory: 83.79 MB used, 83.79 MB peak
[2019.11.30-22.38.50:952][  0]LogMemory: Physical Memory: 3806.94 MB used,  4257.27 MB free, 8064.21 MB total
[2019.11.30-22.38.50:952][  0]LogMemory: Virtual Memory: 4615.95 MB used,  134213112.00 MB free, 134217728.00 MB total
[2019.11.30-22.38.51:691][  0]LogInit: Using OS detected language (en-US).
[2019.11.30-22.38.51:691][  0]LogInit: Using OS detected locale (en-US).
[2019.11.30-22.38.51:750][  0]LogTextLocalizationManager: No specific localization for 'en-US' exists, so the 'en' localization will be used.
[2019.11.30-22.38.52:701][  0]LogInit: Setting process to per monitor DPI aware
[2019.11.30-22.38.53:293][  0]LogSlate: New Slate User Created.  User Index 0, Is Virtual User: 0
[2019.11.30-22.38.53:293][  0]LogSlate: Slate User Registered.  User Index 0, Is Virtual User: 0
[2019.11.30-22.38.58:511][  0]LogHMD: Failed to initialize OpenVR with code 110
[2019.11.30-22.38.58:511][  0]LogD3D11RHI: D3D11 adapters:
[2019.11.30-22.38.58:555][  0]LogD3D11RHI:    0. 'Intel(R) HD Graphics 510' (Feature Level 11_0)
[2019.11.30-22.38.58:555][  0]LogD3D11RHI:       128/0/4032 MB DedicatedVideo/DedicatedSystem/SharedSystem, Outputs:1, VendorId:0x8086
[2019.11.30-22.38.58:845][  0]LogD3D11RHI:    1. 'NVIDIA GeForce GTX 1050' (Feature Level 11_0)
[2019.11.30-22.38.58:845][  0]LogD3D11RHI:       1987/0/4032 MB DedicatedVideo/DedicatedSystem/SharedSystem, Outputs:0, VendorId:0x10de
[2019.11.30-22.38.58:849][  0]LogD3D11RHI:    2. 'Microsoft Basic Render Driver' (Feature Level 11_0)
[2019.11.30-22.38.58:849][  0]LogD3D11RHI:       0/0/4032 MB DedicatedVideo/DedicatedSystem/SharedSystem, Outputs:0, VendorId:0x1414
[2019.11.30-22.38.58:849][  0]LogD3D11RHI: Chosen D3D11 Adapter: 1
[2019.11.30-22.38.58:861][  0]LogD3D11RHI: Creating new Direct3DDevice
[2019.11.30-22.38.58:861][  0]LogD3D11RHI:     GPU DeviceId: 0x1c81 (for the marketing name, search the web for "GPU Device Id")
[2019.11.30-22.38.58:861][  0]LogWindows: EnumDisplayDevices:
[2019.11.30-22.38.58:861][  0]LogWindows:    0. 'Intel(R) HD Graphics 510' (P:1 D:1)
[2019.11.30-22.38.58:861][  0]LogWindows:    1. 'Intel(R) HD Graphics 510' (P:0 D:0)
[2019.11.30-22.38.58:861][  0]LogWindows:    2. 'NVIDIA GeForce GTX 1050' (P:0 D:0)
[2019.11.30-22.38.58:862][  0]LogWindows:    3. 'NVIDIA GeForce GTX 1050' (P:0 D:0)
[2019.11.30-22.38.58:862][  0]LogWindows:    4. 'NVIDIA GeForce GTX 1050' (P:0 D:0)
[2019.11.30-22.38.58:862][  0]LogWindows:    5. 'NVIDIA GeForce GTX 1050' (P:0 D:0)
[2019.11.30-22.38.58:862][  0]LogWindows: DebugString: PrimaryIsNotTheChoosenAdapter PrimaryIsNotTheChoosenAdapter FoundDriverCount:4 
[2019.11.30-22.38.58:863][  0]LogD3D11RHI:     Adapter Name: NVIDIA GeForce GTX 1050
[2019.11.30-22.38.58:863][  0]LogD3D11RHI:   Driver Version: 388.13 (internal:23.21.13.8813, unified:388.13)
[2019.11.30-22.38.58:863][  0]LogD3D11RHI:      Driver Date: 10-27-2017
[2019.11.30-22.38.58:863][  0]LogRHI: Texture pool is 1391 MB (70% of 1987 MB)
[2019.11.30-22.38.59:285][  0]LogD3D11RHI: Async texture creation enabled
[2019.11.30-22.38.59:939][  0]LogRendererCore: FGlobalReadBuffer::InitRHI
[2019.11.30-22.38.59:967][  0]LogRendererCore: FGlobalReadBuffer::InitRHI
[2019.11.30-22.38.59:967][  0]LogRendererCore: FGlobalReadBuffer::InitRHI
[2019.11.30-22.39.00:143][  0]LogD3D11RHI: GPU Timing Frequency: 1000.000000 (Debug: 2 7)
[2019.11.30-22.39.02:055][  0]LogTemp: Display: Module 'AllDesktopTargetPlatform' loaded TargetPlatform 'AllDesktop'
[2019.11.30-22.39.02:081][  0]LogTemp: Display: Module 'MacClientTargetPlatform' loaded TargetPlatform 'MacClient'
[2019.11.30-22.39.02:120][  0]LogTemp: Display: Module 'MacNoEditorTargetPlatform' loaded TargetPlatform 'MacNoEditor'
[2019.11.30-22.39.02:144][  0]LogTemp: Display: Module 'MacServerTargetPlatform' loaded TargetPlatform 'MacServer'
[2019.11.30-22.39.02:269][  0]LogTemp: Display: Module 'MacTargetPlatform' loaded TargetPlatform 'Mac'
[2019.11.30-22.39.02:352][  0]LogTemp: Display: Module 'WindowsClientTargetPlatform' loaded TargetPlatform 'WindowsClient'
[2019.11.30-22.39.02:450][  0]LogTemp: Display: Module 'WindowsNoEditorTargetPlatform' loaded TargetPlatform 'WindowsNoEditor'
[2019.11.30-22.39.02:527][  0]LogTemp: Display: Module 'WindowsServerTargetPlatform' loaded TargetPlatform 'WindowsServer'
[2019.11.30-22.39.02:572][  0]LogTemp: Display: Module 'WindowsTargetPlatform' loaded TargetPlatform 'Windows'
[2019.11.30-22.39.03:116][  0]LogTemp: Display: Module 'AndroidTargetPlatform' loaded TargetPlatform 'Android'
[2019.11.30-22.39.03:116][  0]LogTemp: Display: Module 'AndroidTargetPlatform' loaded TargetPlatform 'Android_ASTC'
[2019.11.30-22.39.03:116][  0]LogTemp: Display: Module 'AndroidTargetPlatform' loaded TargetPlatform 'Android_ATC'
[2019.11.30-22.39.03:116][  0]LogTemp: Display: Module 'AndroidTargetPlatform' loaded TargetPlatform 'Android_DXT'
[2019.11.30-22.39.03:116][  0]LogTemp: Display: Module 'AndroidTargetPlatform' loaded TargetPlatform 'Android_ETC1'
[2019.11.30-22.39.03:116][  0]LogTemp: Display: Module 'AndroidTargetPlatform' loaded TargetPlatform 'Android_ETC1a'
[2019.11.30-22.39.03:116][  0]LogTemp: Display: Module 'AndroidTargetPlatform' loaded TargetPlatform 'Android_ETC2'
[2019.11.30-22.39.03:116][  0]LogTemp: Display: Module 'AndroidTargetPlatform' loaded TargetPlatform 'Android_PVRTC'
[2019.11.30-22.39.03:116][  0]LogTemp: Display: Module 'AndroidTargetPlatform' loaded TargetPlatform 'AndroidClient'
[2019.11.30-22.39.03:116][  0]LogTemp: Display: Module 'AndroidTargetPlatform' loaded TargetPlatform 'Android_ASTCClient'
[2019.11.30-22.39.03:116][  0]LogTemp: Display: Module 'AndroidTargetPlatform' loaded TargetPlatform 'Android_ATCClient'
[2019.11.30-22.39.03:116][  0]LogTemp: Display: Module 'AndroidTargetPlatform' loaded TargetPlatform 'Android_DXTClient'
[2019.11.30-22.39.03:116][  0]LogTemp: Display: Module 'AndroidTargetPlatform' loaded TargetPlatform 'Android_ETC1Client'
[2019.11.30-22.39.03:116][  0]LogTemp: Display: Module 'AndroidTargetPlatform' loaded TargetPlatform 'Android_ETC1aClient'
[2019.11.30-22.39.03:116][  0]LogTemp: Display: Module 'AndroidTargetPlatform' loaded TargetPlatform 'Android_ETC2Client'
[2019.11.30-22.39.03:116][  0]LogTemp: Display: Module 'AndroidTargetPlatform' loaded TargetPlatform 'Android_PVRTCClient'
[2019.11.30-22.39.03:116][  0]LogTemp: Display: Module 'AndroidTargetPlatform' loaded TargetPlatform 'Android_Multi'
[2019.11.30-22.39.03:116][  0]LogTemp: Display: Module 'AndroidTargetPlatform' loaded TargetPlatform 'Android_MultiClient'
[2019.11.30-22.39.03:159][  0]LogTemp: Display: Module 'HTML5TargetPlatform' loaded TargetPlatform 'HTML5'
[2019.11.30-22.39.03:275][  0]LogTemp: Display: Module 'IOSTargetPlatform' loaded TargetPlatform 'IOSClient'
[2019.11.30-22.39.03:275][  0]LogTemp: Display: Module 'IOSTargetPlatform' loaded TargetPlatform 'IOS'
[2019.11.30-22.39.03:322][  0]LogTemp: Display: Module 'TVOSTargetPlatform' loaded TargetPlatform 'TVOSClient'
[2019.11.30-22.39.03:322][  0]LogTemp: Display: Module 'TVOSTargetPlatform' loaded TargetPlatform 'TVOS'
[2019.11.30-22.39.03:344][  0]LogTemp: Display: Module 'LinuxClientTargetPlatform' loaded TargetPlatform 'LinuxClient'
[2019.11.30-22.39.03:379][  0]LogTemp: Display: Module 'LinuxNoEditorTargetPlatform' loaded TargetPlatform 'LinuxNoEditor'
[2019.11.30-22.39.03:403][  0]LogTemp: Display: Module 'LinuxServerTargetPlatform' loaded TargetPlatform 'LinuxServer'
[2019.11.30-22.39.03:454][  0]LogTemp: Display: Module 'LinuxTargetPlatform' loaded TargetPlatform 'Linux'
[2019.11.30-22.39.03:525][  0]LogTemp: Display: Module 'LuminTargetPlatform' loaded TargetPlatform 'Lumin'
[2019.11.30-22.39.03:525][  0]LogTemp: Display: Module 'LuminTargetPlatform' loaded TargetPlatform 'LuminClient'
[2019.11.30-22.39.03:526][  0]LogTargetPlatformManager: Display: Building Assets For Windows
[2019.11.30-22.39.03:638][  0]LogAudioDebug: Display: Lib vorbis DLL was dynamically loaded.
[2019.11.30-22.39.04:374][  0]LogShaderCompilers: Guid format shader working directory is 9 characters bigger than the processId version (E:/DAGD300/300_Final/MyProject_Final/Intermediate/Shaders/WorkingDirectory/6160/).
[2019.11.30-22.39.04:374][  0]LogShaderCompilers: Cleaned the shader compiler working directory 'C:/Users/user/AppData/Local/Temp/UnrealShaderWorkingDir/8D8665D64FAAE7B952AC9E91E2255D9E/'.
[2019.11.30-22.39.04:408][  0]LogXGEController: Cannot use XGE Controller as Incredibuild is not installed on this machine.
[2019.11.30-22.39.04:408][  0]LogShaderCompilers: Cannot use XGE Shader Compiler as Incredibuild is not installed on this machine.
[2019.11.30-22.39.04:408][  0]LogShaderCompilers: Display: Using Local Shader Compiler.
[2019.11.30-22.39.10:826][  0]LogDerivedDataCache: Display: Max Cache Size: 512 MB
[2019.11.30-22.39.11:539][  0]LogDerivedDataCache: Loaded boot cache 0.70s 71MB C:/Users/user/AppData/Local/UnrealEngine/4.22/DerivedDataCache/Boot.ddc.
[2019.11.30-22.39.11:539][  0]LogDerivedDataCache: Display: Loaded Boot cache: C:/Users/user/AppData/Local/UnrealEngine/4.22/DerivedDataCache/Boot.ddc
[2019.11.30-22.39.11:540][  0]LogDerivedDataCache: FDerivedDataBackendGraph:  Pak pak cache file E:/DAGD300/300_Final/MyProject_Final/DerivedDataCache/DDC.ddp not found, will not use a pak cache.
[2019.11.30-22.39.11:540][  0]LogDerivedDataCache: Unable to find inner node Pak for hierarchical cache Hierarchy.
[2019.11.30-22.39.11:540][  0]LogDerivedDataCache: FDerivedDataBackendGraph:  CompressedPak pak cache file E:/DAGD300/300_Final/MyProject_Final/DerivedDataCache/Compressed.ddp not found, will not use a pak cache.
[2019.11.30-22.39.11:540][  0]LogDerivedDataCache: Unable to find inner node CompressedPak for hierarchical cache Hierarchy.
[2019.11.30-22.39.11:578][  0]LogDerivedDataCache: Display: Pak cache opened for reading ../../../Engine/DerivedDataCache/Compressed.ddp.
[2019.11.30-22.39.11:578][  0]LogDerivedDataCache: FDerivedDataBackendGraph:  EnterprisePak pak cache file ../../../Enterprise/DerivedDataCache/Compressed.ddp not found, will not use a pak cache.
[2019.11.30-22.39.11:578][  0]LogDerivedDataCache: Unable to find inner node EnterprisePak for hierarchical cache Hierarchy.
[2019.11.30-22.39.11:591][  0]LogDerivedDataCache: Using Local data cache path C:/Users/user/AppData/Local/UnrealEngine/Common/DerivedDataCache: Writable
[2019.11.30-22.39.11:591][  0]LogDerivedDataCache: Shared data cache path not found in *engine.ini, will not use an Shared cache.
[2019.11.30-22.39.11:591][  0]LogDerivedDataCache: Unable to find inner node Shared for hierarchical cache Hierarchy.
[2019.11.30-22.39.11:702][  0]LogMaterial: Verifying Global Shaders for PCD3D_SM5
[2019.11.30-22.39.11:753][  0]LogSlate: Using FreeType 2.6.0
[2019.11.30-22.39.11:822][  0]LogSlate: SlateFontServices - WITH_FREETYPE: 1, WITH_HARFBUZZ: 1
[2019.11.30-22.39.16:107][  0]LogAssetRegistry: FAssetRegistry took 0.8129 seconds to start up
[2019.11.30-22.39.29:343][  0]LogInit: Selected Device Profile: [Windows]
[2019.11.30-22.39.34:573][  0]LogMeshReduction: Using QuadricMeshReduction for automatic static mesh reduction
[2019.11.30-22.39.34:573][  0]LogMeshReduction: Using SimplygonMeshReduction for automatic skeletal mesh reduction
[2019.11.30-22.39.34:573][  0]LogMeshReduction: Using ProxyLODMeshReduction for automatic mesh merging
[2019.11.30-22.39.34:573][  0]LogMeshReduction: No distributed automatic mesh merging module available
[2019.11.30-22.39.34:574][  0]LogMeshMerging: No distributed automatic mesh merging module available
[2019.11.30-22.39.35:145][  0]LogNetVersion: MyProject_Final 1.0.0, NetCL: 5660361, EngineNetVer: 10, GameNetVer: 0 (Checksum: 3934095434)
[2019.11.30-22.39.50:852][  0]LogPackageLocalizationCache: Processed 10 localized package path(s) for 1 prioritized culture(s) in 6.300188 seconds
[2019.11.30-22.39.50:873][  0]LogUObjectArray: 42205 objects as part of root set at end of initial load.
[2019.11.30-22.39.50:873][  0]LogUObjectAllocator: 7325032 out of 0 bytes used by permanent object pool.
[2019.11.30-22.39.50:873][  0]LogUObjectArray: CloseDisregardForGC: 0/0 objects in disregard for GC pool
[2019.11.30-22.40.26:738][  0]LogConfig: Warning: Failed to saved backup for config[E:/DAGD300/300_Final/MyProject_Final/Intermediate/Config/CoalescedSourceConfigs/TranslationPickerSettings.ini]
[2019.11.30-22.40.28:271][  0]LogTcpMessaging: Initializing TcpMessaging bridge
[2019.11.30-22.40.28:305][  0]LogUdpMessaging: Initializing bridge on interface 0.0.0.0:0 to multicast group 230.0.0.1:6666.
[2019.11.30-22.40.33:785][  0]SourceControl: Source control is disabled
[2019.11.30-22.40.33:799][  0]SourceControl: Source control is disabled
[2019.11.30-22.40.33:856][  0]SourceControl: Source control is disabled
[2019.11.30-22.40.33:875][  0]SourceControl: Source control is disabled
[2019.11.30-22.40.33:928][  0]LogVSAccessor: Display: Unable to create Visual Studio setup instance: 80040154
[2019.11.30-22.40.33:932][  0]LogVSAccessor: Display: Unable to create Visual Studio setup instance: 80040154
[2019.11.30-22.40.49:956][  0]LogAndroidPermission: UAndroidPermissionCallbackProxy::GetInstance
[2019.11.30-22.40.53:288][  0]LogOcInput: OculusInput pre-init called
[2019.11.30-22.40.59:380][  0]LogAutomationTest: Warning: Smoke tests took > 2s to run: 2.46s
[2019.11.30-22.41.00:324][  0]LogEngine: Initializing Engine...
[2019.11.30-22.41.00:476][  0]LogHMD: Failed to initialize OpenVR with code 110
[2019.11.30-22.41.00:593][  0]LogStats: UGameplayTagsManager::InitializeManager -  0.060 s
[2019.11.30-22.41.02:322][  0]LogInit: Initializing FReadOnlyCVARCache
[2019.11.30-22.41.04:139][  0]LogAIModule: Creating AISystem for world Untitled
[2019.11.30-22.41.04:793][  0]LogInit: XAudio2 using 'Speakers (Realtek High Definition Audio)' : 2 channels at 48 kHz using 32 bits per sample (channel mask 0x3)
[2019.11.30-22.41.04:969][  0]LogInit: FAudioDevice initialized.
[2019.11.30-22.41.04:997][  0]LogNetVersion: Set ProjectVersion to 1.0.0.0. Version Checksum will be recalculated on next use.
[2019.11.30-22.41.05:015][  0]LogDerivedDataCache: Error: Could not save memory cache C:/Users/user/AppData/Local/UnrealEngine/4.22/DerivedDataCache/Boot.ddc.
[2019.11.30-22.41.05:021][  0]LogInit: Texture streaming: Enabled
[2019.11.30-22.41.06:160][  0]LogEngineSessionManager: EngineSessionManager initialized
[2019.11.30-22.41.06:374][  0]LogInit: Transaction tracking system initialized
[2019.11.30-22.41.06:695][  0]BlueprintLog: New page: Editor Load
[2019.11.30-22.41.08:863][  0]LocalizationService: Localization service is disabled
[2019.11.30-22.41.10:084][  0]LogVSAccessor: Display: Unable to create Visual Studio setup instance: 80040154
[2019.11.30-22.41.10:086][  0]LogVSAccessor: Display: Unable to create Visual Studio setup instance: 80040154
[2019.11.30-22.41.13:758][  0]LogFileCache: Scanning file cache for directory 'E:/DAGD300/300_Final/MyProject_Final/Content/' took 0.03s
[2019.11.30-22.41.13:758][  0]LogCook: Display: Max memory allowance for cook 16384mb min free memory 0mb
[2019.11.30-22.41.13:783][  0]LogCook: Display: Mobile HDR setting 1
[2019.11.30-22.41.20:329][  0]SourceControl: Source control is disabled
[2019.11.30-22.41.20:454][  0]Cmd: MAP LOAD FILE="E:/DAGD300/300_Final/MyProject_Final/Content/FirstPersonBP/Maps/FirstPersonExampleMap.umap" TEMPLATE=0 SHOWPROGRESS=1 FEATURELEVEL=3
[2019.11.30-22.41.20:478][  0]LogEditorServer: Warning: Can't find file 'E:/DAGD300/300_Final/MyProject_Final/Content/FirstPersonBP/Maps/FirstPersonExampleMap.umap'
[2019.11.30-22.41.20:541][  0]Cmd: MAP CHECKDEP NOCLEARLOG
[2019.11.30-22.41.20:568][  0]MapCheck: Map check complete: 0 Error(s), 0 Warning(s), took 19.435ms to complete.
[2019.11.30-22.41.20:568][  0]LogFileHelpers: Loading map 'FirstPersonExampleMap' took 0.204
[2019.11.30-22.41.25:513][  0]LogCollectionManager: Loaded 0 collections in 0.002371 seconds
[2019.11.30-22.41.25:724][  0]LogFileCache: Scanning file cache for directory 'E:/DAGD300/300_Final/MyProject_Final/Saved/Collections/' took 0.01s
[2019.11.30-22.41.25:724][  0]LogFileCache: Scanning file cache for directory 'E:/DAGD300/300_Final/MyProject_Final/Content/Developers/user/Collections/' took 0.01s
[2019.11.30-22.41.25:724][  0]LogFileCache: Scanning file cache for directory 'E:/DAGD300/300_Final/MyProject_Final/Content/Collections/' took 0.01s
[2019.11.30-22.41.25:724][  0]LogCollectionManager: Rebuilt the GUID cache for 0 collections in 0.000001 seconds
[2019.11.30-22.41.25:748][  0]LogContentBrowser: Native class hierarchy populated in 0.0220 seconds. Added 2732 classes and 659 folders.
[2019.11.30-22.41.25:917][  0]LogContentBrowser: Native class hierarchy updated for 'WidgetCarousel' in 0.0003 seconds. Added 0 classes and 0 folders.
[2019.11.30-22.41.25:999][  0]LogPakFile: Registered encryption key '00000000000000000000000000000000': 0 pak files mounted, 0 remain pending
[2019.11.30-22.41.26:055][  0]LogPakFile: Registered encryption key '00000000000000000000000000000000': 0 pak files mounted, 0 remain pending
[2019.11.30-22.41.26:067][  0]LogPakFile: Registered encryption key '00000000000000000000000000000000': 0 pak files mounted, 0 remain pending
[2019.11.30-22.41.26:092][  0]LogPakFile: Registered encryption key '00000000000000000000000000000000': 0 pak files mounted, 0 remain pending
[2019.11.30-22.41.26:106][  0]LogPakFile: Registered encryption key '00000000000000000000000000000000': 0 pak files mounted, 0 remain pending
[2019.11.30-22.41.26:118][  0]LogPakFile: Registered encryption key '00000000000000000000000000000000': 0 pak files mounted, 0 remain pending
[2019.11.30-22.41.26:126][  0]LogPakFile: Registered encryption key '00000000000000000000000000000000': 0 pak files mounted, 0 remain pending
[2019.11.30-22.41.26:135][  0]LogPakFile: Registered encryption key '00000000000000000000000000000000': 0 pak files mounted, 0 remain pending
[2019.11.30-22.41.26:145][  0]LogPakFile: Registered encryption key '00000000000000000000000000000000': 0 pak files mounted, 0 remain pending
[2019.11.30-22.41.26:154][  0]LogPakFile: Registered encryption key '00000000000000000000000000000000': 0 pak files mounted, 0 remain pending
[2019.11.30-22.41.26:169][  0]LogPakFile: Registered encryption key '00000000000000000000000000000000': 0 pak files mounted, 0 remain pending
[2019.11.30-22.41.26:170][  0]LogPakFile: Registered encryption key '00000000000000000000000000000000': 0 pak files mounted, 0 remain pending
[2019.11.30-22.41.26:190][  0]LogPakFile: Registered encryption key '00000000000000000000000000000000': 0 pak files mounted, 0 remain pending
[2019.11.30-22.41.26:192][  0]LogPakFile: Registered encryption key '00000000000000000000000000000000': 0 pak files mounted, 0 remain pending
[2019.11.30-22.41.26:193][  0]LogPakFile: Registered encryption key '00000000000000000000000000000000': 0 pak files mounted, 0 remain pending
[2019.11.30-22.41.26:195][  0]LogPakFile: Registered encryption key '00000000000000000000000000000000': 0 pak files mounted, 0 remain pending
[2019.11.30-22.41.26:196][  0]LogPakFile: Registered encryption key '00000000000000000000000000000000': 0 pak files mounted, 0 remain pending
[2019.11.30-22.41.26:202][  0]LogPakFile: Registered encryption key '00000000000000000000000000000000': 0 pak files mounted, 0 remain pending
[2019.11.30-22.41.26:204][  0]LogPakFile: Registered encryption key '00000000000000000000000000000000': 0 pak files mounted, 0 remain pending
[2019.11.30-22.41.26:205][  0]LogPakFile: Registered encryption key '00000000000000000000000000000000': 0 pak files mounted, 0 remain pending
[2019.11.30-22.41.26:206][  0]LogPakFile: Registered encryption key '00000000000000000000000000000000': 0 pak files mounted, 0 remain pending
[2019.11.30-22.41.26:208][  0]LogPakFile: Registered encryption key '00000000000000000000000000000000': 0 pak files mounted, 0 remain pending
[2019.11.30-22.41.26:218][  0]LogPakFile: Registered encryption key '00000000000000000000000000000000': 0 pak files mounted, 0 remain pending
[2019.11.30-22.41.26:256][  0]LogPakFile: Registered encryption key '00000000000000000000000000000000': 0 pak files mounted, 0 remain pending
[2019.11.30-22.41.26:279][  0]LogPakFile: Registered encryption key '00000000000000000000000000000000': 0 pak files mounted, 0 remain pending
[2019.11.30-22.41.26:296][  0]LogPakFile: Registered encryption key '00000000000000000000000000000000': 0 pak files mounted, 0 remain pending
[2019.11.30-22.41.27:329][  0]LogContentBrowser: Native class hierarchy updated for 'AddContentDialog' in 0.0003 seconds. Added 0 classes and 0 folders.
[2019.11.30-22.41.27:818][  0]LogSlate: Updating window title bar state: overlay mode, drag disabled, window buttons hidden, title bar hidden
[2019.11.30-22.41.27:837][  0]LogSlate: Updating window title bar state: overlay mode, drag disabled, window buttons hidden, title bar hidden
[2019.11.30-22.41.27:847][  0]LogSlate: Updating window title bar state: overlay mode, drag disabled, window buttons hidden, title bar hidden
[2019.11.30-22.41.27:856][  0]LogSlate: Updating window title bar state: overlay mode, drag disabled, window buttons hidden, title bar hidden
[2019.11.30-22.41.27:895][  0]LogContentBrowser: Native class hierarchy updated for 'SceneOutliner' in 0.0003 seconds. Added 1 classes and 2 folders.
[2019.11.30-22.41.28:445][  0]LogSlate: Took 0.029375 seconds to synchronously load lazily loaded font '../../../Engine/Content/Slate/Fonts/Roboto-Regular.ttf' (155K)
[2019.11.30-22.41.28:485][  0]LogSlate: Took 0.030585 seconds to synchronously load lazily loaded font '../../../Engine/Content/Slate/Fonts/Roboto-Bold.ttf' (160K)
[2019.11.30-22.41.28:515][  0]LogSlate: Took 0.015263 seconds to synchronously load lazily loaded font '../../../Engine/Content/Editor/Slate/Fonts/FontAwesome.ttf' (139K)
[2019.11.30-22.41.29:386][  0]LogRenderer: Reallocating scene render targets to support 1252x924 Format 10 NumSamples 1 (Frame:1).
[2019.11.30-22.41.30:625][  0]LogContentBrowser: Native class hierarchy updated for 'HierarchicalLODOutliner' in 0.0003 seconds. Added 0 classes and 0 folders.
[2019.11.30-22.41.30:625][  0]LogLoad: (Engine Initialization) Total time: 175.26 seconds
[2019.11.30-22.41.30:625][  0]LogLoad: (Engine Initialization) Total Blueprint compile time: 0.00 seconds
[2019.11.30-22.41.31:503][  0]LogContentStreaming: Texture pool size now 1000 MB
[2019.11.30-22.41.32:117][  2]LogAssetRegistry: Asset discovery search completed in 136.7369 seconds
[2019.11.30-22.41.32:128][  2]LogCollectionManager: Rebuilt the object cache for 0 collections in 0.000000 seconds (found 0 objects)
[2019.11.30-22.41.32:128][  2]LogCollectionManager: Fixed up redirectors for 0 collections in 0.000489 seconds (updated 0 objects)
[2019.11.30-22.41.32:336][  2]LogSlate: Took 0.035218 seconds to synchronously load lazily loaded font '../../../Engine/Content/Slate/Fonts/Roboto-Light.ttf' (167K)
[2019.11.30-22.41.59:316][764]LogSlate: FSceneViewport::OnFocusLost() reason 0
[2019.11.30-22.41.59:450][767]LogSlate: Took 0.000461 seconds to synchronously load lazily loaded font '../../../Engine/Content/Slate/Fonts/Roboto-Light.ttf' (167K)
[2019.11.30-22.42.06:126][767]LogAIModule: Creating AISystem for world WitchesRoute
[2019.11.30-22.42.06:789][767]LogAssetEditorManager: Opening Asset editor for World /Game/FirstPersonBP/Maps/WitchesRoute.WitchesRoute
[2019.11.30-22.42.07:302][767]LogUObjectHash: Compacting FUObjectHashTables data took   8.19ms
[2019.11.30-22.42.07:381][767]Cmd: MAP LOAD FILE="E:/DAGD300/300_Final/MyProject_Final/Content/FirstPersonBP/Maps/WitchesRoute.umap" TEMPLATE=0 SHOWPROGRESS=1 FEATURELEVEL=3
[2019.11.30-22.42.07:384][767]LightingResults: New page: Lighting Build
[2019.11.30-22.42.07:432][767]LogContentBrowser: Native class hierarchy updated for 'StatsViewer' in 0.0249 seconds. Added 5 classes and 0 folders.
[2019.11.30-22.42.07:435][767]LoadErrors: New page: Loading map: WitchesRoute.umap
[2019.11.30-22.42.07:545][767]MapCheck: New page: Map Check
[2019.11.30-22.42.07:546][767]LightingResults: New page: Lighting Build
[2019.11.30-22.42.07:902][767]LogUObjectHash: Compacting FUObjectHashTables data took   2.93ms
[2019.11.30-22.42.12:381][767]LogEditorServer: Finished looking for orphan Actors (0.000 secs)
[2019.11.30-22.42.12:502][767]LogUObjectHash: Compacting FUObjectHashTables data took   1.68ms
[2019.11.30-22.42.12:562][767]Cmd: MAP CHECKDEP NOCLEARLOG
[2019.11.30-22.42.12:569][767]MapCheck: Map check complete: 0 Error(s), 0 Warning(s), took 6.284ms to complete.
[2019.11.30-22.42.12:569][767]LogFileHelpers: Loading map 'WitchesRoute' took 5.235
[2019.11.30-22.42.37:647][867]LogUObjectHash: Compacting FUObjectHashTables data took   1.81ms
[2019.11.30-22.42.37:647][867]LogMetaData: Removing '/Game/FirstPersonBP/Maps/WitchsRoute.WitchsRoute_C' ref from Metadata '/Game/FirstPersonBP/Maps/WitchesRoute.PackageMetaData'
[2019.11.30-22.42.37:647][867]LogMetaData: Removing '/Game/FirstPersonBP/Maps/WitchsRoute.SKEL_WitchsRoute_C' ref from Metadata '/Game/FirstPersonBP/Maps/WitchesRoute.PackageMetaData'
[2019.11.30-22.42.37:764][867]Cmd: OBJ SAVEPACKAGE PACKAGE="/Game/FirstPersonBP/Maps/WitchsRoute_BuiltData" FILE="E:/DAGD300/300_Final/MyProject_Final/Content/FirstPersonBP/Maps/WitchsRoute_BuiltData.uasset" SILENT=true
[2019.11.30-22.43.40:616][867]LogSavePackage: Moving 'E:/DAGD300/300_Final/MyProject_Final/Saved/WitchsRoute_BuiltDataC8312BF04D774E872E6DF680FF697B64.tmp' to 'E:/DAGD300/300_Final/MyProject_Final/Content/FirstPersonBP/Maps/WitchsRoute_BuiltData.uasset'
[2019.11.30-22.43.49:559][867]Cmd: OBJ SAVEPACKAGE PACKAGE="/Game/FirstPersonBP/Maps/WitchsRoute" FILE="E:/DAGD300/300_Final/MyProject_Final/Content/FirstPersonBP/Maps/WitchsRoute.umap" SILENT=true AUTOSAVING=false KEEPDIRTY=false
[2019.11.30-22.43.51:880][867]LogUObjectHash: Compacting FUObjectHashTables data took   1.29ms
[2019.11.30-22.44.48:973][867]LogSavePackage: Moving 'E:/DAGD300/300_Final/MyProject_Final/Saved/WitchsRouteF640BC2C435FF7A578CD3D84A5A85EB2.tmp' to 'E:/DAGD300/300_Final/MyProject_Final/Content/FirstPersonBP/Maps/WitchsRoute.umap'
[2019.11.30-22.45.02:376][867]LogFileHelpers: Saving map 'WitchsRoute' took 72.832
[2019.11.30-22.45.07:009][867]LogUObjectHash: Compacting FUObjectHashTables data took   1.84ms
[2019.11.30-22.45.07:037][867]LogUObjectHash: Compacting FUObjectHashTables data took   0.62ms
[2019.11.30-22.45.07:070][867]LogUObjectHash: Compacting FUObjectHashTables data took   1.54ms
[2019.11.30-22.45.07:098][867]LogUObjectHash: Compacting FUObjectHashTables data took   0.68ms
[2019.11.30-22.45.09:473][868]LogUnrealEdMisc: Warning: Heartbeat event firing too frequently (0.000 sec). This should never happen. Something is wrong with the timer delegate!
[2019.11.30-22.45.30:910][143]LogUnrealEdMisc: Warning: Heartbeat event firing too frequently (21.437 sec). This should never happen. Something is wrong with the timer delegate!
