Log file open, 11/30/19 17:38:46
LogWindows: Failed to load 'aqProf.dll' (GetLastError=126)
LogWindows: File 'aqProf.dll' does not exist
LogWindows: Failed to load 'VtuneApi.dll' (GetLastError=126)
LogWindows: File 'VtuneApi.dll' does not exist
LogWindows: Failed to load 'VtuneApi32e.dll' (GetLastError=126)
LogWindows: File 'VtuneApi32e.dll' does not exist
LogConsoleResponse: Display: Failed to find resolution value strings in scalability ini. Falling back to default.
LogInit: Display: Running engine for game: MyProject_Final
LogPakFile: Registered encryption key '00000000000000000000000000000000': 0 pak files mounted, 0 remain pending
LogPlatformFile: Not using cached read wrapper
LogTaskGraph: Started task graph with 5 named threads and 11 total threads with 3 sets of task threads.
LogStats: Stats thread started at 1.353710
LogD3D11RHI: Loaded GFSDK_Aftermath_Lib.x64.dll
LogICUInternationalization: ICU TimeZone Detection - Raw Offset: -5:00, Platform Override: ''
LogConfig: Warning: Failed to saved backup for config[E:/DAGD300/300_Final/MyProject_Final/Intermediate/Config/CoalescedSourceConfigs/EditorSettings.ini]
LogConfig: Warning: Failed to saved backup for config[E:/DAGD300/300_Final/MyProject_Final/Intermediate/Config/CoalescedSourceConfigs/Compat.ini]
LogConfig: Warning: Failed to saved backup for config[E:/DAGD300/300_Final/MyProject_Final/Intermediate/Config/CoalescedSourceConfigs/Scalability.ini]
LogPluginManager: Mounting plugin Paper2D
LogPluginManager: Mounting plugin AISupport
LogPluginManager: Mounting plugin LightPropagationVolume
LogPluginManager: Mounting plugin ActorLayerUtilities
LogPluginManager: Mounting plugin AnimationSharing
LogPluginManager: Mounting plugin CLionSourceCodeAccess
LogPluginManager: Mounting plugin CodeLiteSourceCodeAccess
LogPluginManager: Mounting plugin GitSourceControl
LogPluginManager: Mounting plugin KDevelopSourceCodeAccess
LogPluginManager: Mounting plugin NullSourceCodeAccess
LogPluginManager: Mounting plugin PerforceSourceControl
LogPluginManager: Mounting plugin SubversionSourceControl
LogPluginManager: Mounting plugin UObjectPlugin
LogPluginManager: Mounting plugin VisualStudioCodeSourceCodeAccess
LogPluginManager: Mounting plugin VisualStudioSourceCodeAccess
LogPluginManager: Mounting plugin XCodeSourceCodeAccess
LogPluginManager: Mounting plugin AssetManagerEditor
LogPluginManager: Mounting plugin CryptoKeys
LogPluginManager: Mounting plugin DataValidation
LogPluginManager: Mounting plugin FacialAnimation
LogPluginManager: Mounting plugin GameplayTagsEditor
LogPluginManager: Mounting plugin MacGraphicsSwitching
LogPluginManager: Mounting plugin MaterialAnalyzer
LogPluginManager: Mounting plugin MobileLauncherProfileWizard
LogPluginManager: Mounting plugin PluginBrowser
LogPluginManager: Mounting plugin SpeedTreeImporter
LogPluginManager: Mounting plugin DatasmithContent
LogPluginManager: Mounting plugin VariantManagerContent
LogPluginManager: Mounting plugin AlembicImporter
LogPluginManager: Mounting plugin AppleImageUtils
LogPluginManager: Mounting plugin AppleVision
LogPluginManager: Mounting plugin BackChannel
LogPluginManager: Mounting plugin CharacterAI
LogPluginManager: Mounting plugin GeometryCache
LogPluginManager: Mounting plugin HTML5Networking
LogPluginManager: Mounting plugin ProxyLODPlugin
LogPluginManager: Mounting plugin SkeletalReduction
LogPluginManager: Mounting plugin MagicLeap
LogPluginManager: Mounting plugin MagicLeapMedia
LogPluginManager: Mounting plugin AndroidMedia
LogPluginManager: Mounting plugin AvfMedia
LogPluginManager: Mounting plugin ImgMedia
LogPluginManager: Mounting plugin LinearTimecode
LogPluginManager: Mounting plugin MediaCompositing
LogPluginManager: Mounting plugin MediaPlayerEditor
LogPluginManager: Mounting plugin WebMMedia
LogPluginManager: Mounting plugin WmfMedia
LogPluginManager: Mounting plugin TcpMessaging
LogPluginManager: Mounting plugin UdpMessaging
LogPluginManager: Mounting plugin ActorSequence
LogPluginManager: Mounting plugin LevelSequenceEditor
LogPluginManager: Mounting plugin MatineeToLevelSequence
LogPluginManager: Mounting plugin NetcodeUnitTest
LogPluginManager: Mounting plugin NUTUnrealEngine4
LogPluginManager: Mounting plugin OnlineSubsystemGooglePlay
LogPluginManager: Mounting plugin OnlineSubsystemIOS
LogPluginManager: Mounting plugin OnlineSubsystem
LogPluginManager: Mounting plugin OnlineSubsystemNull
LogPluginManager: Mounting plugin OnlineSubsystemUtils
LogPluginManager: Mounting plugin LauncherChunkInstaller
LogPluginManager: Mounting plugin AndroidDeviceProfileSelector
LogPluginManager: Mounting plugin AndroidMoviePlayer
LogPluginManager: Mounting plugin AndroidPermission
LogPluginManager: Mounting plugin AppleMoviePlayer
LogPluginManager: Mounting plugin ArchVisCharacter
LogPluginManager: Mounting plugin AudioCapture
LogPluginManager: Mounting plugin CableComponent
LogPluginManager: Mounting plugin CustomMeshComponent
LogPluginManager: Mounting plugin EditableMesh
LogPluginManager: Mounting plugin ExampleDeviceProfileSelector
LogPluginManager: Mounting plugin Firebase
LogPluginManager: Mounting plugin GoogleCloudMessaging
LogPluginManager: Mounting plugin IOSDeviceProfileSelector
LogPluginManager: Mounting plugin LinuxDeviceProfileSelector
LogPluginManager: Mounting plugin LocationServicesBPLibrary
LogPluginManager: Mounting plugin MobilePatchingUtils
LogPluginManager: Mounting plugin OculusVR
LogPluginManager: Mounting plugin PhysXVehicles
LogPluginManager: Mounting plugin ProceduralMeshComponent
LogPluginManager: Mounting plugin RuntimePhysXCooking
LogPluginManager: Mounting plugin SignificanceManager
LogPluginManager: Mounting plugin SteamVR
LogPluginManager: Mounting plugin WebMMoviePlayer
LogPluginManager: Mounting plugin WindowsMoviePlayer
LogInit: Using libcurl 7.55.1-DEV
LogInit:  - built for x86_64-pc-win32
LogInit:  - supports SSL with OpenSSL/1.1.1
LogInit:  - supports HTTP deflate (compression) using libz 1.2.8
LogInit:  - other features:
LogInit:      CURL_VERSION_SSL
LogInit:      CURL_VERSION_LIBZ
LogInit:      CURL_VERSION_IPV6
LogInit:      CURL_VERSION_ASYNCHDNS
LogInit:      CURL_VERSION_LARGEFILE
LogInit:      CURL_VERSION_IDN
LogInit:  CurlRequestOptions (configurable via config and command line):
LogInit:  - bVerifyPeer = true  - Libcurl will verify peer certificate
LogInit:  - bUseHttpProxy = false  - Libcurl will NOT use HTTP proxy
LogInit:  - bDontReuseConnections = false  - Libcurl will reuse connections
LogInit:  - MaxHostConnections = 16  - Libcurl will limit the number of connections to a host
LogInit:  - LocalHostAddr = Default
LogInit:  - BufferSize = 65536
LogInit: WinSock: version 1.1 (2.2), MaxSocks=32767, MaxUdp=65467
LogInit: Build: ++UE4+Release-4.22-CL-7053642
LogInit: Engine Version: 4.22.3-7053642+++UE4+Release-4.22
LogInit: Compatible Engine Version: 4.22.0-5660361+++UE4+Release-4.22
LogInit: Net CL: 5660361
LogInit: OS: Windows 10 (Release 1903) (), CPU: Intel(R) Pentium(R) CPU G4400 @ 3.30GHz, GPU: Intel(R) HD Graphics 510
LogInit: Compiled (64-bit): Jun 18 2019 03:09:11
LogInit: Compiled with Visual C++: 19.16.27025.01
LogInit: Build Configuration: Development
LogInit: Branch Name: ++UE4+Release-4.22
LogInit: Command Line: 
LogInit: Base Directory: C:/Program Files/Epic Games/UE_4.22/Engine/Binaries/Win64/
LogInit: Installed Engine Build: 1
LogDevObjectVersion: Number of dev versions registered: 23
LogDevObjectVersion:   Dev-Blueprints (B0D832E4-1F89-4F0D-ACCF-7EB736FD4AA2): 10
LogDevObjectVersion:   Dev-Build (E1C64328-A22C-4D53-A36C-8E866417BD8C): 0
LogDevObjectVersion:   Dev-Core (375EC13C-06E4-48FB-B500-84F0262A717E): 3
LogDevObjectVersion:   Dev-Editor (E4B068ED-F494-42E9-A231-DA0B2E46BB41): 30
LogDevObjectVersion:   Dev-Framework (CFFC743F-43B0-4480-9391-14DF171D2073): 35
LogDevObjectVersion:   Dev-Mobile (B02B49B5-BB20-44E9-A304-32B752E40360): 2
LogDevObjectVersion:   Dev-Networking (A4E4105C-59A1-49B5-A7C5-40C4547EDFEE): 0
LogDevObjectVersion:   Dev-Online (39C831C9-5AE6-47DC-9A44-9C173E1C8E7C): 0
LogDevObjectVersion:   Dev-Physics (78F01B33-EBEA-4F98-B9B4-84EACCB95AA2): 0
LogDevObjectVersion:   Dev-Platform (6631380F-2D4D-43E0-8009-CF276956A95A): 0
LogDevObjectVersion:   Dev-Rendering (12F88B9F-8875-4AFC-A67C-D90C383ABD29): 28
LogDevObjectVersion:   Dev-Sequencer (7B5AE74C-D270-4C10-A958-57980B212A5A): 11
LogDevObjectVersion:   Dev-VR (D7296918-1DD6-4BDD-9DE2-64A83CC13884): 2
LogDevObjectVersion:   Dev-LoadTimes (C2A15278-BFE7-4AFE-6C17-90FF531DF755): 1
LogDevObjectVersion:   Private-Geometry (6EACA3D4-40EC-4CC1-B786-8BED09428FC5): 3
LogDevObjectVersion:   Dev-AnimPhys (29E575DD-E0A3-4627-9D10-D276232CDCEA): 17
LogDevObjectVersion:   Dev-Anim (AF43A65D-7FD3-4947-9873-3E8ED9C1BB05): 2
LogDevObjectVersion:   Dev-ReflectionCapture (6B266CEC-1EC7-4B8F-A30B-E4D90942FC07): 1
LogDevObjectVersion:   Dev-Automation (0DF73D61-A23F-47EA-B727-89E90C41499A): 1
LogDevObjectVersion:   FortniteMain (601D1886-AC64-4F84-AA16-D3DE0DEAC7D6): 25
LogDevObjectVersion:   Dev-Enterprise (9DFFBCD6-494F-0158-E221-12823C92A888): 6
LogDevObjectVersion:   Dev-Niagara (F2AED0AC-9AFE-416F-8664-AA7FFA26D6FC): 1
LogDevObjectVersion:   Dev-Destruction (174F1F0B-B4C6-45A5-B13F-2EE8D0FB917D): 2
LogInit: Presizing for max 16777216 objects, including 0 objects not considered by GC, pre-allocating 0 bytes for permanent pool.
LogInit: Object subsystem initialized
LogConfig: Setting CVar [[con.DebugEarlyDefault:1]]
LogConfig: Setting CVar [[r.setres:1280x720]]
[2019.11.30-22.38.50:652][  0]LogConfig: Setting CVar [[r.VSync:0]]
[2019.11.30-22.38.50:652][  0]LogConfig: Setting CVar [[r.RHICmdBypass:0]]
[2019.11.30-22.38.50:652][  0]LogConfig: Applying CVar settings from Section [/Script/Engine.RendererSettings] File [E:/DAGD300/300_Final/MyProject_Final/Saved/Config/Windows/Engine.ini]
[2019.11.30-22.38.50:653][  0]LogConfig: Setting CVar [[r.GPUCrashDebugging:0]]
[2019.11.30-22.38.50:653][  0]LogConfig: Applying CVar settings from Section [/Script/Engine.RendererOverrideSettings] File [E:/DAGD300/300_Final/MyProject_Final/Saved/Config/Windows/Engine.ini]
[2019.11.30-22.38.50:653][  0]LogConfig: Applying CVar settings from Section [/Script/Engine.StreamingSettings] File [E:/DAGD300/300_Final/MyProject_Final/Saved/Config/Windows/Engine.ini]
[2019.11.30-22.38.50:653][  0]LogConfig: Setting CVar [[s.MinBulkDataSizeForAsyncLoading:131072]]
[2019.11.30-22.38.50:653][  0]LogConfig: Setting CVar [[s.AsyncLoadingThreadEnabled:0]]
[2019.11.30-22.38.50:653][  0]LogConfig: Setting CVar [[s.EventDrivenLoaderEnabled:1]]
[2019.11.30-22.38.50:653][  0]LogConfig: Setting CVar [[s.WarnIfTimeLimitExceeded:0]]
[2019.11.30-22.38.50:653][  0]LogConfig: Setting CVar [[s.TimeLimitExceededMultiplier:1.5]]
[2019.11.30-22.38.50:653][  0]LogConfig: Setting CVar [[s.TimeLimitExceededMinTime:0.005]]
[2019.11.30-22.38.50:653][  0]LogConfig: Setting CVar [[s.UseBackgroundLevelStreaming:1]]
[2019.11.30-22.38.50:653][  0]LogConfig: Setting CVar [[s.PriorityAsyncLoadingExtraTime:15.0]]
[2019.11.30-22.38.50:653][  0]LogConfig: Setting CVar [[s.LevelStreamingActorsUpdateTimeLimit:5.0]]
[2019.11.30-22.38.50:653][  0]LogConfig: Setting CVar [[s.PriorityLevelStreamingActorsUpdateExtraTime:5.0]]
[2019.11.30-22.38.50:653][  0]LogConfig: Setting CVar [[s.LevelStreamingComponentsRegistrationGranularity:10]]
[2019.11.30-22.38.50:653][  0]LogConfig: Setting CVar [[s.UnregisterComponentsTimeLimit:1.0]]
[2019.11.30-22.38.50:653][  0]LogConfig: Setting CVar [[s.LevelStreamingComponentsUnregistrationGranularity:5]]
[2019.11.30-22.38.50:654][  0]LogConfig: Applying CVar settings from Section [/Script/Engine.GarbageCollectionSettings] File [E:/DAGD300/300_Final/MyProject_Final/Saved/Config/Windows/Engine.ini]
[2019.11.30-22.38.50:654][  0]LogConfig: Setting CVar [[gc.MaxObjectsNotConsideredByGC:1]]
[2019.11.30-22.38.50:654][  0]LogConfig: Setting CVar [[gc.SizeOfPermanentObjectPool:0]]
[2019.11.30-22.38.50:654][  0]LogConfig: Setting CVar [[gc.FlushStreamingOnGC:0]]
[2019.11.30-22.38.50:654][  0]LogConfig: Setting CVar [[gc.NumRetriesBeforeForcingGC:10]]
[2019.11.30-22.38.50:654][  0]LogConfig: Setting CVar [[gc.AllowParallelGC:1]]
[2019.11.30-22.38.50:654][  0]LogConfig: Setting CVar [[gc.TimeBetweenPurgingPendingKillObjects:61.1]]
[2019.11.30-22.38.50:654][  0]LogConfig: Setting CVar [[gc.MaxObjectsInEditor:16777216]]
[2019.11.30-22.38.50:654][  0]LogConfig: Setting CVar [[gc.IncrementalBeginDestroyEnabled:1]]
[2019.11.30-22.38.50:654][  0]LogConfig: Setting CVar [[gc.CreateGCClusters:1]]
[2019.11.30-22.38.50:654][  0]LogConfig: Setting CVar [[gc.MinGCClusterSize:5]]
[2019.11.30-22.38.50:654][  0]LogConfig: Setting CVar [[gc.ActorClusteringEnabled:0]]
[2019.11.30-22.38.50:654][  0]LogConfig: Setting CVar [[gc.BlueprintClusteringEnabled:0]]
[2019.11.30-22.38.50:654][  0]LogConfig: Setting CVar [[gc.UseDisregardForGCOnDedicatedServers:0]]
[2019.11.30-22.38.50:654][  0]LogConfig: Applying CVar settings from Section [/Script/Engine.NetworkSettings] File [E:/DAGD300/300_Final/MyProject_Final/Saved/Config/Windows/Engine.ini]
[2019.11.30-22.38.50:654][  0]LogConfig: Applying CVar settings from Section [/Script/UnrealEd.CookerSettings] File [E:/DAGD300/300_Final/MyProject_Final/Saved/Config/Windows/Engine.ini]
[2019.11.30-22.38.50:732][  0]LogConfig: Applying CVar settings from Section [ViewDistanceQuality@3] File [E:/DAGD300/300_Final/MyProject_Final/Saved/Config/Windows/Scalability.ini]
[2019.11.30-22.38.50:732][  0]LogConfig: Setting CVar [[r.SkeletalMeshLODBias:0]]
[2019.11.30-22.38.50:732][  0]LogConfig: Setting CVar [[r.ViewDistanceScale:1.0]]
[2019.11.30-22.38.50:733][  0]LogConfig: Applying CVar settings from Section [AntiAliasingQuality@3] File [E:/DAGD300/300_Final/MyProject_Final/Saved/Config/Windows/Scalability.ini]
[2019.11.30-22.38.50:733][  0]LogConfig: Setting CVar [[r.PostProcessAAQuality:4]]
[2019.11.30-22.38.50:733][  0]LogConfig: Applying CVar settings from Section [ShadowQuality@3] File [E:/DAGD300/300_Final/MyProject_Final/Saved/Config/Windows/Scalability.ini]
[2019.11.30-22.38.50:733][  0]LogConfig: Setting CVar [[r.LightFunctionQuality:1]]
[2019.11.30-22.38.50:733][  0]LogConfig: Setting CVar [[r.ShadowQuality:5]]
[2019.11.30-22.38.50:733][  0]LogConfig: Setting CVar [[r.Shadow.CSM.MaxCascades:10]]
[2019.11.30-22.38.50:733][  0]LogConfig: Setting CVar [[r.Shadow.MaxResolution:2048]]
[2019.11.30-22.38.50:733][  0]LogConfig: Setting CVar [[r.Shadow.MaxCSMResolution:2048]]
[2019.11.30-22.38.50:733][  0]LogConfig: Setting CVar [[r.Shadow.RadiusThreshold:0.01]]
[2019.11.30-22.38.50:733][  0]LogConfig: Setting CVar [[r.Shadow.DistanceScale:1.0]]
[2019.11.30-22.38.50:733][  0]LogConfig: Setting CVar [[r.Shadow.CSM.TransitionScale:1.0]]
[2019.11.30-22.38.50:733][  0]LogConfig: Setting CVar [[r.Shadow.PreShadowResolutionFactor:1.0]]
[2019.11.30-22.38.50:733][  0]LogConfig: Setting CVar [[r.DistanceFieldShadowing:1]]
[2019.11.30-22.38.50:733][  0]LogConfig: Setting CVar [[r.DistanceFieldAO:1]]
[2019.11.30-22.38.50:733][  0]LogConfig: Setting CVar [[r.AOQuality:2]]
[2019.11.30-22.38.50:734][  0]LogConfig: Setting CVar [[r.VolumetricFog:1]]
[2019.11.30-22.38.50:734][  0]LogConfig: Setting CVar [[r.VolumetricFog.GridPixelSize:8]]
[2019.11.30-22.38.50:734][  0]LogConfig: Setting CVar [[r.VolumetricFog.GridSizeZ:128]]
[2019.11.30-22.38.50:734][  0]LogConfig: Setting CVar [[r.VolumetricFog.HistoryMissSupersampleCount:4]]
[2019.11.30-22.38.50:734][  0]LogConfig: Setting CVar [[r.LightMaxDrawDistanceScale:1]]
[2019.11.30-22.38.50:734][  0]LogConfig: Setting CVar [[r.CapsuleShadows:1]]
[2019.11.30-22.38.50:734][  0]LogConfig: Applying CVar settings from Section [PostProcessQuality@3] File [E:/DAGD300/300_Final/MyProject_Final/Saved/Config/Windows/Scalability.ini]
[2019.11.30-22.38.50:734][  0]LogConfig: Setting CVar [[r.MotionBlurQuality:4]]
[2019.11.30-22.38.50:734][  0]LogConfig: Setting CVar [[r.AmbientOcclusionMipLevelFactor:0.4]]
[2019.11.30-22.38.50:734][  0]LogConfig: Setting CVar [[r.AmbientOcclusionMaxQuality:100]]
[2019.11.30-22.38.50:734][  0]LogConfig: Setting CVar [[r.AmbientOcclusionLevels:-1]]
[2019.11.30-22.38.50:734][  0]LogConfig: Setting CVar [[r.AmbientOcclusionRadiusScale:1.0]]
[2019.11.30-22.38.50:734][  0]LogConfig: Setting CVar [[r.DepthOfFieldQuality:2]]
[2019.11.30-22.38.50:734][  0]LogConfig: Setting CVar [[r.RenderTargetPoolMin:400]]
[2019.11.30-22.38.50:734][  0]LogConfig: Setting CVar [[r.LensFlareQuality:2]]
[2019.11.30-22.38.50:734][  0]LogConfig: Setting CVar [[r.SceneColorFringeQuality:1]]
[2019.11.30-22.38.50:734][  0]LogConfig: Setting CVar [[r.EyeAdaptationQuality:2]]
[2019.11.30-22.38.50:735][  0]LogConfig: Setting CVar [[r.BloomQuality:5]]
[2019.11.30-22.38.50:735][  0]LogConfig: Setting CVar [[r.FastBlurThreshold:100]]
[2019.11.30-22.38.50:735][  0]LogConfig: Setting CVar [[r.Upscale.Quality:3]]
[2019.11.30-22.38.50:735][  0]LogConfig: Setting CVar [[r.Tonemapper.GrainQuantization:1]]
[2019.11.30-22.38.50:735][  0]LogConfig: Setting CVar [[r.LightShaftQuality:1]]
[2019.11.30-22.38.50:735][  0]LogConfig: Setting CVar [[r.Filter.SizeScale:1]]
[2019.11.30-22.38.50:735][  0]LogConfig: Setting CVar [[r.Tonemapper.Quality:5]]
[2019.11.30-22.38.50:735][  0]LogConfig: Setting CVar [[r.DOF.Gather.AccumulatorQuality:1        ; higher gathering accumulator quality]]
[2019.11.30-22.38.50:735][  0]LogConfig: Setting CVar [[r.DOF.Gather.PostfilterMethod:1          ; Median3x3 postfilering method]]
[2019.11.30-22.38.50:735][  0]LogConfig: Setting CVar [[r.DOF.Gather.EnableBokehSettings:0       ; no bokeh simulation when gathering]]
[2019.11.30-22.38.50:735][  0]LogConfig: Setting CVar [[r.DOF.Gather.RingCount:4                 ; medium number of samples when gathering]]
[2019.11.30-22.38.50:735][  0]LogConfig: Setting CVar [[r.DOF.Scatter.ForegroundCompositing:1    ; additive foreground scattering]]
[2019.11.30-22.38.50:735][  0]LogConfig: Setting CVar [[r.DOF.Scatter.BackgroundCompositing:2    ; additive background scattering]]
[2019.11.30-22.38.50:735][  0]LogConfig: Setting CVar [[r.DOF.Scatter.EnableBokehSettings:1      ; bokeh simulation when scattering]]
[2019.11.30-22.38.50:735][  0]LogConfig: Setting CVar [[r.DOF.Scatter.MaxSpriteRatio:0.1         ; only a maximum of 10% of scattered bokeh]]
[2019.11.30-22.38.50:735][  0]LogConfig: Setting CVar [[r.DOF.Recombine.Quality:1                ; cheap slight out of focus]]
[2019.11.30-22.38.50:735][  0]LogConfig: Setting CVar [[r.DOF.Recombine.EnableBokehSettings:0    ; no bokeh simulation on slight out of focus]]
[2019.11.30-22.38.50:736][  0]LogConfig: Setting CVar [[r.DOF.TemporalAAQuality:1                ; more stable temporal accumulation]]
[2019.11.30-22.38.50:736][  0]LogConfig: Setting CVar [[r.DOF.Kernel.MaxForegroundRadius:0.025]]
[2019.11.30-22.38.50:736][  0]LogConfig: Setting CVar [[r.DOF.Kernel.MaxBackgroundRadius:0.025]]
[2019.11.30-22.38.50:736][  0]LogConfig: Applying CVar settings from Section [TextureQuality@3] File [E:/DAGD300/300_Final/MyProject_Final/Saved/Config/Windows/Scalability.ini]
[2019.11.30-22.38.50:736][  0]LogConfig: Setting CVar [[r.Streaming.MipBias:0]]
[2019.11.30-22.38.50:736][  0]LogConfig: Setting CVar [[r.Streaming.AmortizeCPUToGPUCopy:0]]
[2019.11.30-22.38.50:736][  0]LogConfig: Setting CVar [[r.Streaming.MaxNumTexturesToStreamPerFrame:0]]
[2019.11.30-22.38.50:736][  0]LogConfig: Setting CVar [[r.Streaming.Boost:1]]
[2019.11.30-22.38.50:736][  0]LogConfig: Setting CVar [[r.MaxAnisotropy:8]]
[2019.11.30-22.38.50:736][  0]LogConfig: Setting CVar [[r.Streaming.LimitPoolSizeToVRAM:0]]
[2019.11.30-22.38.50:736][  0]LogConfig: Setting CVar [[r.Streaming.PoolSize:1000]]
[2019.11.30-22.38.50:736][  0]LogConfig: Setting CVar [[r.Streaming.MaxEffectiveScreenSize:0]]
[2019.11.30-22.38.50:736][  0]LogConfig: Applying CVar settings from Section [EffectsQuality@3] File [E:/DAGD300/300_Final/MyProject_Final/Saved/Config/Windows/Scalability.ini]
[2019.11.30-22.38.50:736][  0]LogConfig: Setting CVar [[r.TranslucencyLightingVolumeDim:64]]
[2019.11.30-22.38.50:736][  0]LogConfig: Setting CVar [[r.RefractionQuality:2]]
[2019.11.30-22.38.50:737][  0]LogConfig: Setting CVar [[r.SSR.Quality:3]]
[2019.11.30-22.38.50:737][  0]LogConfig: Setting CVar [[r.SceneColorFormat:4]]
[2019.11.30-22.38.50:737][  0]LogConfig: Setting CVar [[r.DetailMode:2]]
[2019.11.30-22.38.50:737][  0]LogConfig: Setting CVar [[r.TranslucencyVolumeBlur:1]]
[2019.11.30-22.38.50:737][  0]LogConfig: Setting CVar [[r.MaterialQualityLevel:1 ; High quality]]
[2019.11.30-22.38.50:737][  0]LogConfig: Setting CVar [[r.SSS.Scale:1]]
[2019.11.30-22.38.50:737][  0]LogConfig: Setting CVar [[r.SSS.SampleSet:2]]
[2019.11.30-22.38.50:737][  0]LogConfig: Setting CVar [[r.SSS.Quality:1]]
[2019.11.30-22.38.50:737][  0]LogConfig: Setting CVar [[r.SSS.HalfRes:1]]
[2019.11.30-22.38.50:737][  0]LogConfig: Setting CVar [[r.EmitterSpawnRateScale:1.0]]
[2019.11.30-22.38.50:737][  0]LogConfig: Setting CVar [[r.ParticleLightQuality:2]]
[2019.11.30-22.38.50:737][  0]LogConfig: Applying CVar settings from Section [FoliageQuality@3] File [E:/DAGD300/300_Final/MyProject_Final/Saved/Config/Windows/Scalability.ini]
[2019.11.30-22.38.50:737][  0]LogConfig: Setting CVar [[foliage.DensityScale:1.0]]
[2019.11.30-22.38.50:737][  0]LogConfig: Setting CVar [[grass.DensityScale:1.0]]
[2019.11.30-22.38.50:756][  0]LogInit: Selected Device Profile: [Windows]
[2019.11.30-22.38.50:757][  0]LogInit: Applying CVar settings loaded from the selected device profile: [Windows]
[2019.11.30-22.38.50:824][  0]LogConfig: Warning: Failed to saved backup for config[E:/DAGD300/300_Final/MyProject_Final/Intermediate/Config/CoalescedSourceConfigs/DeviceProfiles.ini]
[2019.11.30-22.38.50:890][  0]LogHAL: Display: Platform has ~ 8 GB [8455933952 / 8589934592 / 8], which maps to Default [LargestMinGB=32, LargerMinGB=12, DefaultMinGB=8, SmallerMinGB=6, SmallestMinGB=0)
[2019.11.30-22.38.50:891][  0]LogConfig: Setting CVar [[r.Vulkan.UseRealUBs:0		; Required until we fix HLR fall-out]]
[2019.11.30-22.38.50:891][  0]LogInit: Going up to parent DeviceProfile []
[2019.11.30-22.38.50:892][  0]LogConfig: Applying CVar settings from Section [ViewDistanceQuality@3] File [E:/DAGD300/300_Final/MyProject_Final/Saved/Config/Windows/Scalability.ini]
[2019.11.30-22.38.50:892][  0]LogConfig: Setting CVar [[r.SkeletalMeshLODBias:0]]
[2019.11.30-22.38.50:892][  0]LogConfig: Setting CVar [[r.ViewDistanceScale:1.0]]
[2019.11.30-22.38.50:892][  0]LogConfig: Applying CVar settings from Section [AntiAliasingQuality@3] File [E:/DAGD300/300_Final/MyProject_Final/Saved/Config/Windows/Scalability.ini]
[2019.11.30-22.38.50:892][  0]LogConfig: Setting CVar [[r.PostProcessAAQuality:4]]
[2019.11.30-22.38.50:892][  0]LogConfig: Applying CVar settings from Section [ShadowQuality@3] File [E:/DAGD300/300_Final/MyProject_Final/Saved/Config/Windows/Scalability.ini]
[2019.11.30-22.38.50:892][  0]LogConfig: Setting CVar [[r.LightFunctionQuality:1]]
[2019.11.30-22.38.50:892][  0]LogConfig: Setting CVar [[r.ShadowQuality:5]]
[2019.11.30-22.38.50:892][  0]LogConfig: Setting CVar [[r.Shadow.CSM.MaxCascades:10]]
[2019.11.30-22.38.50:892][  0]LogConfig: Setting CVar [[r.Shadow.MaxResolution:2048]]
[2019.11.30-22.38.50:892][  0]LogConfig: Setting CVar [[r.Shadow.MaxCSMResolution:2048]]
[2019.11.30-22.38.50:892][  0]LogConfig: Setting CVar [[r.Shadow.RadiusThreshold:0.01]]
[2019.11.30-22.38.50:892][  0]LogConfig: Setting CVar [[r.Shadow.DistanceScale:1.0]]
[2019.11.30-22.38.50:892][  0]LogConfig: Setting CVar [[r.Shadow.CSM.TransitionScale:1.0]]
[2019.11.30-22.38.50:892][  0]LogConfig: Setting CVar [[r.Shadow.PreShadowResolutionFactor:1.0]]
[2019.11.30-22.38.50:892][  0]LogConfig: Setting CVar [[r.DistanceFieldShadowing:1]]
[2019.11.30-22.38.50:892][  0]LogConfig: Setting CVar [[r.DistanceFieldAO:1]]
[2019.11.30-22.38.50:892][  0]LogConfig: Setting CVar [[r.AOQuality:2]]
[2019.11.30-22.38.50:892][  0]LogConfig: Setting CVar [[r.VolumetricFog:1]]
[2019.11.30-22.38.50:892][  0]LogConfig: Setting CVar [[r.VolumetricFog.GridPixelSize:8]]
[2019.11.30-22.38.50:892][  0]LogConfig: Setting CVar [[r.VolumetricFog.GridSizeZ:128]]
[2019.11.30-22.38.50:892][  0]LogConfig: Setting CVar [[r.VolumetricFog.HistoryMissSupersampleCount:4]]
[2019.11.30-22.38.50:892][  0]LogConfig: Setting CVar [[r.LightMaxDrawDistanceScale:1]]
[2019.11.30-22.38.50:892][  0]LogConfig: Setting CVar [[r.CapsuleShadows:1]]
[2019.11.30-22.38.50:892][  0]LogConfig: Applying CVar settings from Section [PostProcessQuality@3] File [E:/DAGD300/300_Final/MyProject_Final/Saved/Config/Windows/Scalability.ini]
[2019.11.30-22.38.50:893][  0]LogConfig: Setting CVar [[r.MotionBlurQuality:4]]
[2019.11.30-22.38.50:893][  0]LogConfig: Setting CVar [[r.AmbientOcclusionMipLevelFactor:0.4]]
[2019.11.30-22.38.50:893][  0]LogConfig: Setting CVar [[r.AmbientOcclusionMaxQuality:100]]
[2019.11.30-22.38.50:893][  0]LogConfig: Setting CVar [[r.AmbientOcclusionLevels:-1]]
[2019.11.30-22.38.50:893][  0]LogConfig: Setting CVar [[r.AmbientOcclusionRadiusScale:1.0]]
[2019.11.30-22.38.50:893][  0]LogConfig: Setting CVar [[r.DepthOfFieldQuality:2]]
[2019.11.30-22.38.50:893][  0]LogConfig: Setting CVar [[r.RenderTargetPoolMin:400]]
[2019.11.30-22.38.50:893][  0]LogConfig: Setting CVar [[r.LensFlareQuality:2]]
[2019.11.30-22.38.50:893][  0]LogConfig: Setting CVar [[r.SceneColorFringeQuality:1]]
[2019.11.30-22.38.50:893][  0]LogConfig: Setting CVar [[r.EyeAdaptationQuality:2]]
[2019.11.30-22.38.50:893][  0]LogConfig: Setting CVar [[r.BloomQuality:5]]
[2019.11.30-22.38.50:893][  0]LogConfig: Setting CVar [[r.FastBlurThreshold:100]]
[2019.11.30-22.38.50:893][  0]LogConfig: Setting CVar [[r.Upscale.Quality:3]]
[2019.11.30-22.38.50:893][  0]LogConfig: Setting CVar [[r.Tonemapper.GrainQuantization:1]]
[2019.11.30-22.38.50:893][  0]LogConfig: Setting CVar [[r.LightShaftQuality:1]]
[2019.11.30-22.38.50:893][  0]LogConfig: Setting CVar [[r.Filter.SizeScale:1]]
[2019.11.30-22.38.50:893][  0]LogConfig: Setting CVar [[r.Tonemapper.Quality:5]]
[2019.11.30-22.38.50:893][  0]LogConfig: Setting CVar [[r.DOF.Gather.AccumulatorQuality:1        ; higher gathering accumulator quality]]
[2019.11.30-22.38.50:893][  0]LogConfig: Setting CVar [[r.DOF.Gather.PostfilterMethod:1          ; Median3x3 postfilering method]]
[2019.11.30-22.38.50:893][  0]LogConfig: Setting CVar [[r.DOF.Gather.EnableBokehSettings:0       ; no bokeh simulation when gathering]]
[2019.11.30-22.38.50:893][  0]LogConfig: Setting CVar [[r.DOF.Gather.RingCount:4                 ; medium number of samples when gathering]]
[2019.11.30-22.38.50:893][  0]LogConfig: Setting CVar [[r.DOF.Scatter.ForegroundCompositing:1    ; additive foreground scattering]]
[2019.11.30-22.38.50:893][  0]LogConfig: Setting CVar [[r.DOF.Scatter.BackgroundCompositing:2    ; additive background scattering]]
[2019.11.30-22.38.50:893][  0]LogConfig: Setting CVar [[r.DOF.Scatter.EnableBokehSettings:1      ; bokeh simulation when scattering]]
[2019.11.30-22.38.50:893][  0]LogConfig: Setting CVar [[r.DOF.Scatter.MaxSpriteRatio:0.1         ; only a maximum of 10% of scattered bokeh]]
[2019.11.30-22.38.50:893][  0]LogConfig: Setting CVar [[r.DOF.Recombine.Quality:1                ; cheap slight out of focus]]
[2019.11.30-22.38.50:893][  0]LogConfig: Setting CVar [[r.DOF.Recombine.EnableBokehSettings:0    ; no bokeh simulation on slight out of focus]]
[2019.11.30-22.38.50:893][  0]LogConfig: Setting CVar [[r.DOF.TemporalAAQuality:1                ; more stable temporal accumulation]]
[2019.11.30-22.38.50:893][  0]LogConfig: Setting CVar [[r.DOF.Kernel.MaxForegroundRadius:0.025]]
[2019.11.30-22.38.50:893][  0]LogConfig: Setting CVar [[r.DOF.Kernel.MaxBackgroundRadius:0.025]]
[2019.11.30-22.38.50:893][  0]LogConfig: Applying CVar settings from Section [TextureQuality@3] File [E:/DAGD300/300_Final/MyProject_Final/Saved/Config/Windows/Scalability.ini]
[2019.11.30-22.38.50:893][  0]LogConfig: Setting CVar [[r.Streaming.MipBias:0]]
[2019.11.30-22.38.50:893][  0]LogConfig: Setting CVar [[r.Streaming.AmortizeCPUToGPUCopy:0]]
[2019.11.30-22.38.50:893][  0]LogConfig: Setting CVar [[r.Streaming.MaxNumTexturesToStreamPerFrame:0]]
[2019.11.30-22.38.50:894][  0]LogConfig: Setting CVar [[r.Streaming.Boost:1]]
[2019.11.30-22.38.50:894][  0]LogConfig: Setting CVar [[r.MaxAnisotropy:8]]
[2019.11.30-22.38.50:894][  0]LogConfig: Setting CVar [[r.Streaming.LimitPoolSizeToVRAM:0]]
[2019.11.30-22.38.50:894][  0]LogConfig: Setting CVar [[r.Streaming.PoolSize:1000]]
[2019.11.30-22.38.50:894][  0]LogConfig: Setting CVar [[r.Streaming.MaxEffectiveScreenSize:0]]
[2019.11.30-22.38.50:894][  0]LogConfig: Applying CVar settings from Section [EffectsQuality@3] File [E:/DAGD300/300_Final/MyProject_Final/Saved/Config/Windows/Scalability.ini]
[2019.11.30-22.38.50:894][  0]LogConfig: Setting CVar [[r.TranslucencyLightingVolumeDim:64]]
[2019.11.30-22.38.50:894][  0]LogConfig: Setting CVar [[r.RefractionQuality:2]]
[2019.11.30-22.38.50:894][  0]LogConfig: Setting CVar [[r.SSR.Quality:3]]
[2019.11.30-22.38.50:894][  0]LogConfig: Setting CVar [[r.SceneColorFormat:4]]
[2019.11.30-22.38.50:894][  0]LogConfig: Setting CVar [[r.DetailMode:2]]
[2019.11.30-22.38.50:894][  0]LogConfig: Setting CVar [[r.TranslucencyVolumeBlur:1]]
[2019.11.30-22.38.50:894][  0]LogConfig: Setting CVar [[r.MaterialQualityLevel:1 ; High quality]]
[2019.11.30-22.38.50:894][  0]LogConfig: Setting CVar [[r.SSS.Scale:1]]
[2019.11.30-22.38.50:894][  0]LogConfig: Setting CVar [[r.SSS.SampleSet:2]]
[2019.11.30-22.38.50:894][  0]LogConfig: Setting CVar [[r.SSS.Quality:1]]
[2019.11.30-22.38.50:894][  0]LogConfig: Setting CVar [[r.SSS.HalfRes:1]]
[2019.11.30-22.38.50:894][  0]LogConfig: Setting CVar [[r.EmitterSpawnRateScale:1.0]]
[2019.11.30-22.38.50:894][  0]LogConfig: Setting CVar [[r.ParticleLightQuality:2]]
[2019.11.30-22.38.50:894][  0]LogConfig: Applying CVar settings from Section [FoliageQuality@3] File [E:/DAGD300/300_Final/MyProject_Final/Saved/Config/Windows/Scalability.ini]
[2019.11.30-22.38.50:894][  0]LogConfig: Setting CVar [[foliage.DensityScale:1.0]]
[2019.11.30-22.38.50:894][  0]LogConfig: Setting CVar [[grass.DensityScale:1.0]]
[2019.11.30-22.38.50:894][  0]LogConfig: Applying CVar settings from Section [Startup] File [../../../Engine/Config/ConsoleVariables.ini]
[2019.11.30-22.38.50:920][  0]LogConfig: Setting CVar [[net.UseAdaptiveNetUpdateFrequency:0]]
[2019.11.30-22.38.50:920][  0]LogConfig: Setting CVar [[p.chaos.AllowCreatePhysxBodies:1]]
[2019.11.30-22.38.50:920][  0]LogConfig: Applying CVar settings from Section [ConsoleVariables] File [E:/DAGD300/300_Final/MyProject_Final/Saved/Config/Windows/Engine.ini]
[2019.11.30-22.38.50:939][  0]LogInit: Computer: HOMEELIJAH
[2019.11.30-22.38.50:939][  0]LogInit: User: user
[2019.11.30-22.38.50:939][  0]LogInit: CPU Page size=4096, Cores=2
[2019.11.30-22.38.50:939][  0]LogInit: High frequency timer resolution =10.000000 MHz
[2019.11.30-22.38.50:952][  0]LogMemory: Memory total: Physical=7.9GB (8GB approx)
[2019.11.30-22.38.50:952][  0]LogMemory: Platform Memory Stats for Windows
[2019.11.30-22.38.50:952][  0]LogMemory: Process Physical Memory: 96.16 MB used, 96.16 MB peak
[2019.11.30-22.38.50:952][  0]LogMemory: Process Virtual Memory: 83.45 MB used, 83.45 MB peak
[2019.11.30-22.38.50:952][  0]LogMemory: Physical Memory: 3806.94 MB used,  4257.27 MB free, 8064.21 MB total
[2019.11.30-22.38.50:952][  0]LogMemory: Virtual Memory: 4615.95 MB used,  134213112.00 MB free, 134217728.00 MB total
[2019.11.30-22.38.51:691][  0]LogInit: Using OS detected language (en-US).
[2019.11.30-22.38.51:691][  0]LogInit: Using OS detected locale (en-US).
[2019.11.30-22.38.51:750][  0]LogTextLocalizationManager: No specific localization for 'en-US' exists, so the 'en' localization will be used.
[2019.11.30-22.38.52:701][  0]LogInit: Setting process to per monitor DPI aware
[2019.11.30-22.38.53:293][  0]LogSlate: New Slate User Created.  User Index 0, Is Virtual User: 0
[2019.11.30-22.38.53:294][  0]LogSlate: Slate User Registered.  User Index 0, Is Virtual User: 0
[2019.11.30-22.38.58:511][  0]LogHMD: Failed to initialize OpenVR with code 110
[2019.11.30-22.38.58:511][  0]LogD3D11RHI: D3D11 adapters:
[2019.11.30-22.38.58:556][  0]LogD3D11RHI:    0. 'Intel(R) HD Graphics 510' (Feature Level 11_0)
[2019.11.30-22.38.58:556][  0]LogD3D11RHI:       128/0/4032 MB DedicatedVideo/DedicatedSystem/SharedSystem, Outputs:1, VendorId:0x8086
[2019.11.30-22.38.58:845][  0]LogD3D11RHI:    1. 'NVIDIA GeForce GTX 1050' (Feature Level 11_0)
[2019.11.30-22.38.58:845][  0]LogD3D11RHI:       1987/0/4032 MB DedicatedVideo/DedicatedSystem/SharedSystem, Outputs:0, VendorId:0x10de
[2019.11.30-22.38.58:850][  0]LogD3D11RHI:    2. 'Microsoft Basic Render Driver' (Feature Level 11_0)
[2019.11.30-22.38.58:850][  0]LogD3D11RHI:       0/0/4032 MB DedicatedVideo/DedicatedSystem/SharedSystem, Outputs:0, VendorId:0x1414
[2019.11.30-22.38.58:850][  0]LogD3D11RHI: Chosen D3D11 Adapter: 1
[2019.11.30-22.38.58:861][  0]LogD3D11RHI: Creating new Direct3DDevice
[2019.11.30-22.38.58:861][  0]LogD3D11RHI:     GPU DeviceId: 0x1c81 (for the marketing name, search the web for "GPU Device Id")
[2019.11.30-22.38.58:861][  0]LogWindows: EnumDisplayDevices:
[2019.11.30-22.38.58:861][  0]LogWindows:    0. 'Intel(R) HD Graphics 510' (P:1 D:1)
[2019.11.30-22.38.58:861][  0]LogWindows:    1. 'Intel(R) HD Graphics 510' (P:0 D:0)
[2019.11.30-22.38.58:861][  0]LogWindows:    2. 'NVIDIA GeForce GTX 1050' (P:0 D:0)
[2019.11.30-22.38.58:861][  0]LogWindows:    3. 'NVIDIA GeForce GTX 1050' (P:0 D:0)
[2019.11.30-22.38.58:862][  0]LogWindows:    4. 'NVIDIA GeForce GTX 1050' (P:0 D:0)
[2019.11.30-22.38.58:862][  0]LogWindows:    5. 'NVIDIA GeForce GTX 1050' (P:0 D:0)
[2019.11.30-22.38.58:862][  0]LogWindows: DebugString: PrimaryIsNotTheChoosenAdapter PrimaryIsNotTheChoosenAdapter FoundDriverCount:4 
[2019.11.30-22.38.58:862][  0]LogD3D11RHI:     Adapter Name: NVIDIA GeForce GTX 1050
[2019.11.30-22.38.58:862][  0]LogD3D11RHI:   Driver Version: 388.13 (internal:23.21.13.8813, unified:388.13)
[2019.11.30-22.38.58:862][  0]LogD3D11RHI:      Driver Date: 10-27-2017
[2019.11.30-22.38.58:862][  0]LogRHI: Texture pool is 1391 MB (70% of 1987 MB)
[2019.11.30-22.38.59:286][  0]LogD3D11RHI: Async texture creation enabled
[2019.11.30-22.38.59:939][  0]LogRendererCore: FGlobalReadBuffer::InitRHI
[2019.11.30-22.38.59:967][  0]LogRendererCore: FGlobalReadBuffer::InitRHI
[2019.11.30-22.38.59:967][  0]LogRendererCore: FGlobalReadBuffer::InitRHI
[2019.11.30-22.39.00:143][  0]LogD3D11RHI: GPU Timing Frequency: 1000.000000 (Debug: 2 7)
[2019.11.30-22.39.02:207][  0]LogTemp: Display: Module 'AllDesktopTargetPlatform' loaded TargetPlatform 'AllDesktop'
[2019.11.30-22.39.02:226][  0]LogTemp: Display: Module 'MacClientTargetPlatform' loaded TargetPlatform 'MacClient'
[2019.11.30-22.39.02:243][  0]LogTemp: Display: Module 'MacNoEditorTargetPlatform' loaded TargetPlatform 'MacNoEditor'
[2019.11.30-22.39.02:283][  0]LogTemp: Display: Module 'MacServerTargetPlatform' loaded TargetPlatform 'MacServer'
[2019.11.30-22.39.02:300][  0]LogTemp: Display: Module 'MacTargetPlatform' loaded TargetPlatform 'Mac'
[2019.11.30-22.39.02:352][  0]LogTemp: Display: Module 'WindowsClientTargetPlatform' loaded TargetPlatform 'WindowsClient'
[2019.11.30-22.39.02:451][  0]LogTemp: Display: Module 'WindowsNoEditorTargetPlatform' loaded TargetPlatform 'WindowsNoEditor'
[2019.11.30-22.39.02:527][  0]LogTemp: Display: Module 'WindowsServerTargetPlatform' loaded TargetPlatform 'WindowsServer'
[2019.11.30-22.39.02:573][  0]LogTemp: Display: Module 'WindowsTargetPlatform' loaded TargetPlatform 'Windows'
[2019.11.30-22.39.03:116][  0]LogTemp: Display: Module 'AndroidTargetPlatform' loaded TargetPlatform 'Android'
[2019.11.30-22.39.03:116][  0]LogTemp: Display: Module 'AndroidTargetPlatform' loaded TargetPlatform 'Android_ASTC'
[2019.11.30-22.39.03:116][  0]LogTemp: Display: Module 'AndroidTargetPlatform' loaded TargetPlatform 'Android_ATC'
[2019.11.30-22.39.03:116][  0]LogTemp: Display: Module 'AndroidTargetPlatform' loaded TargetPlatform 'Android_DXT'
[2019.11.30-22.39.03:116][  0]LogTemp: Display: Module 'AndroidTargetPlatform' loaded TargetPlatform 'Android_ETC1'
[2019.11.30-22.39.03:116][  0]LogTemp: Display: Module 'AndroidTargetPlatform' loaded TargetPlatform 'Android_ETC1a'
[2019.11.30-22.39.03:116][  0]LogTemp: Display: Module 'AndroidTargetPlatform' loaded TargetPlatform 'Android_ETC2'
[2019.11.30-22.39.03:116][  0]LogTemp: Display: Module 'AndroidTargetPlatform' loaded TargetPlatform 'Android_PVRTC'
[2019.11.30-22.39.03:116][  0]LogTemp: Display: Module 'AndroidTargetPlatform' loaded TargetPlatform 'AndroidClient'
[2019.11.30-22.39.03:116][  0]LogTemp: Display: Module 'AndroidTargetPlatform' loaded TargetPlatform 'Android_ASTCClient'
[2019.11.30-22.39.03:116][  0]LogTemp: Display: Module 'AndroidTargetPlatform' loaded TargetPlatform 'Android_ATCClient'
[2019.11.30-22.39.03:116][  0]LogTemp: Display: Module 'AndroidTargetPlatform' loaded TargetPlatform 'Android_DXTClient'
[2019.11.30-22.39.03:116][  0]LogTemp: Display: Module 'AndroidTargetPlatform' loaded TargetPlatform 'Android_ETC1Client'
[2019.11.30-22.39.03:116][  0]LogTemp: Display: Module 'AndroidTargetPlatform' loaded TargetPlatform 'Android_ETC1aClient'
[2019.11.30-22.39.03:116][  0]LogTemp: Display: Module 'AndroidTargetPlatform' loaded TargetPlatform 'Android_ETC2Client'
[2019.11.30-22.39.03:116][  0]LogTemp: Display: Module 'AndroidTargetPlatform' loaded TargetPlatform 'Android_PVRTCClient'
[2019.11.30-22.39.03:116][  0]LogTemp: Display: Module 'AndroidTargetPlatform' loaded TargetPlatform 'Android_Multi'
[2019.11.30-22.39.03:116][  0]LogTemp: Display: Module 'AndroidTargetPlatform' loaded TargetPlatform 'Android_MultiClient'
[2019.11.30-22.39.03:159][  0]LogTemp: Display: Module 'HTML5TargetPlatform' loaded TargetPlatform 'HTML5'
[2019.11.30-22.39.03:279][  0]LogTemp: Display: Module 'IOSTargetPlatform' loaded TargetPlatform 'IOSClient'
[2019.11.30-22.39.03:279][  0]LogTemp: Display: Module 'IOSTargetPlatform' loaded TargetPlatform 'IOS'
[2019.11.30-22.39.03:311][  0]LogTemp: Display: Module 'TVOSTargetPlatform' loaded TargetPlatform 'TVOSClient'
[2019.11.30-22.39.03:311][  0]LogTemp: Display: Module 'TVOSTargetPlatform' loaded TargetPlatform 'TVOS'
[2019.11.30-22.39.03:344][  0]LogTemp: Display: Module 'LinuxClientTargetPlatform' loaded TargetPlatform 'LinuxClient'
[2019.11.30-22.39.03:379][  0]LogTemp: Display: Module 'LinuxNoEditorTargetPlatform' loaded TargetPlatform 'LinuxNoEditor'
[2019.11.30-22.39.03:404][  0]LogTemp: Display: Module 'LinuxServerTargetPlatform' loaded TargetPlatform 'LinuxServer'
[2019.11.30-22.39.03:453][  0]LogTemp: Display: Module 'LinuxTargetPlatform' loaded TargetPlatform 'Linux'
[2019.11.30-22.39.03:522][  0]LogTemp: Display: Module 'LuminTargetPlatform' loaded TargetPlatform 'Lumin'
[2019.11.30-22.39.03:522][  0]LogTemp: Display: Module 'LuminTargetPlatform' loaded TargetPlatform 'LuminClient'
[2019.11.30-22.39.03:522][  0]LogTargetPlatformManager: Display: Building Assets For Windows
[2019.11.30-22.39.03:648][  0]LogAudioDebug: Display: Lib vorbis DLL was dynamically loaded.
[2019.11.30-22.39.04:374][  0]LogShaderCompilers: Guid format shader working directory is 9 characters bigger than the processId version (E:/DAGD300/300_Final/MyProject_Final/Intermediate/Shaders/WorkingDirectory/8060/).
[2019.11.30-22.39.04:374][  0]LogShaderCompilers: Cleaned the shader compiler working directory 'C:/Users/user/AppData/Local/Temp/UnrealShaderWorkingDir/8940730643E25982227D9FBF03D8CA2D/'.
[2019.11.30-22.39.04:408][  0]LogXGEController: Cleaning working directory: C:/Users/user/AppData/Local/Temp/UnrealXGEWorkingDir/
[2019.11.30-22.39.04:408][  0]LogXGEController: Cannot use XGE Controller as Incredibuild is not installed on this machine.
[2019.11.30-22.39.04:408][  0]LogShaderCompilers: Cannot use XGE Shader Compiler as Incredibuild is not installed on this machine.
[2019.11.30-22.39.04:408][  0]LogShaderCompilers: Display: Using Local Shader Compiler.
[2019.11.30-22.39.10:826][  0]LogDerivedDataCache: Display: Max Cache Size: 512 MB
[2019.11.30-22.39.11:529][  0]LogDerivedDataCache: Loaded boot cache 0.69s 71MB C:/Users/user/AppData/Local/UnrealEngine/4.22/DerivedDataCache/Boot.ddc.
[2019.11.30-22.39.11:529][  0]LogDerivedDataCache: Display: Loaded Boot cache: C:/Users/user/AppData/Local/UnrealEngine/4.22/DerivedDataCache/Boot.ddc
[2019.11.30-22.39.11:529][  0]LogDerivedDataCache: FDerivedDataBackendGraph:  Pak pak cache file E:/DAGD300/300_Final/MyProject_Final/DerivedDataCache/DDC.ddp not found, will not use a pak cache.
[2019.11.30-22.39.11:529][  0]LogDerivedDataCache: Unable to find inner node Pak for hierarchical cache Hierarchy.
[2019.11.30-22.39.11:529][  0]LogDerivedDataCache: FDerivedDataBackendGraph:  CompressedPak pak cache file E:/DAGD300/300_Final/MyProject_Final/DerivedDataCache/Compressed.ddp not found, will not use a pak cache.
[2019.11.30-22.39.11:529][  0]LogDerivedDataCache: Unable to find inner node CompressedPak for hierarchical cache Hierarchy.
[2019.11.30-22.39.11:575][  0]LogDerivedDataCache: Display: Pak cache opened for reading ../../../Engine/DerivedDataCache/Compressed.ddp.
[2019.11.30-22.39.11:575][  0]LogDerivedDataCache: FDerivedDataBackendGraph:  EnterprisePak pak cache file ../../../Enterprise/DerivedDataCache/Compressed.ddp not found, will not use a pak cache.
[2019.11.30-22.39.11:575][  0]LogDerivedDataCache: Unable to find inner node EnterprisePak for hierarchical cache Hierarchy.
[2019.11.30-22.39.11:591][  0]LogDerivedDataCache: Using Local data cache path C:/Users/user/AppData/Local/UnrealEngine/Common/DerivedDataCache: Writable
[2019.11.30-22.39.11:591][  0]LogDerivedDataCache: Shared data cache path not found in *engine.ini, will not use an Shared cache.
[2019.11.30-22.39.11:591][  0]LogDerivedDataCache: Unable to find inner node Shared for hierarchical cache Hierarchy.
[2019.11.30-22.39.11:702][  0]LogMaterial: Verifying Global Shaders for PCD3D_SM5
[2019.11.30-22.39.11:753][  0]LogSlate: Using FreeType 2.6.0
[2019.11.30-22.39.11:822][  0]LogSlate: SlateFontServices - WITH_FREETYPE: 1, WITH_HARFBUZZ: 1
[2019.11.30-22.39.16:107][  0]LogAssetRegistry: FAssetRegistry took 0.8129 seconds to start up
[2019.11.30-22.39.29:340][  0]LogInit: Selected Device Profile: [Windows]
[2019.11.30-22.39.34:573][  0]LogAssetRegistry: Error: Failed to open file for write E:/DAGD300/300_Final/MyProject_Final/Intermediate/CachedAssetRegistry.bin
[2019.11.30-22.39.34:573][  0]LogMeshReduction: Using QuadricMeshReduction for automatic static mesh reduction
[2019.11.30-22.39.34:573][  0]LogMeshReduction: Using SimplygonMeshReduction for automatic skeletal mesh reduction
[2019.11.30-22.39.34:573][  0]LogMeshReduction: Using ProxyLODMeshReduction for automatic mesh merging
[2019.11.30-22.39.34:573][  0]LogMeshReduction: No distributed automatic mesh merging module available
[2019.11.30-22.39.34:574][  0]LogMeshMerging: No distributed automatic mesh merging module available
[2019.11.30-22.39.35:147][  0]LogNetVersion: MyProject_Final 1.0.0, NetCL: 5660361, EngineNetVer: 10, GameNetVer: 0 (Checksum: 3934095434)
[2019.11.30-22.39.49:114][  0]LogFileManager: Warning: MoveFile was unable to move 'E:/DAGD300/300_Final/MyProject_Final/Intermediate/AssetRegistryCache/2657c409.bin.tmp' to 'E:/DAGD300/300_Final/MyProject_Final/Intermediate/AssetRegistryCache/2657c409.bin', retrying in .5s...
[2019.11.30-22.39.49:614][  0]LogFileManager: Warning: MoveFile was unable to move 'E:/DAGD300/300_Final/MyProject_Final/Intermediate/AssetRegistryCache/2657c409.bin.tmp' to 'E:/DAGD300/300_Final/MyProject_Final/Intermediate/AssetRegistryCache/2657c409.bin', retrying in .5s...
[2019.11.30-22.39.50:115][  0]LogFileManager: Warning: MoveFile was unable to move 'E:/DAGD300/300_Final/MyProject_Final/Intermediate/AssetRegistryCache/2657c409.bin.tmp' to 'E:/DAGD300/300_Final/MyProject_Final/Intermediate/AssetRegistryCache/2657c409.bin', retrying in .5s...
[2019.11.30-22.39.50:617][  0]LogFileManager: Warning: MoveFile was unable to move 'E:/DAGD300/300_Final/MyProject_Final/Intermediate/AssetRegistryCache/2657c409.bin.tmp' to 'E:/DAGD300/300_Final/MyProject_Final/Intermediate/AssetRegistryCache/2657c409.bin', retrying in .5s...
[2019.11.30-22.39.51:117][  0]LogFileManager: Warning: MoveFile was unable to move 'E:/DAGD300/300_Final/MyProject_Final/Intermediate/AssetRegistryCache/2657c409.bin.tmp' to 'E:/DAGD300/300_Final/MyProject_Final/Intermediate/AssetRegistryCache/2657c409.bin', retrying in .5s...
[2019.11.30-22.39.51:618][  0]LogFileManager: Warning: MoveFile was unable to move 'E:/DAGD300/300_Final/MyProject_Final/Intermediate/AssetRegistryCache/2657c409.bin.tmp' to 'E:/DAGD300/300_Final/MyProject_Final/Intermediate/AssetRegistryCache/2657c409.bin', retrying in .5s...
[2019.11.30-22.39.52:159][  0]LogFileManager: Warning: MoveFile was unable to move 'E:/DAGD300/300_Final/MyProject_Final/Intermediate/AssetRegistryCache/2657c409.bin.tmp' to 'E:/DAGD300/300_Final/MyProject_Final/Intermediate/AssetRegistryCache/2657c409.bin', retrying in .5s...
[2019.11.30-22.39.52:660][  0]LogFileManager: Warning: MoveFile was unable to move 'E:/DAGD300/300_Final/MyProject_Final/Intermediate/AssetRegistryCache/2657c409.bin.tmp' to 'E:/DAGD300/300_Final/MyProject_Final/Intermediate/AssetRegistryCache/2657c409.bin', retrying in .5s...
[2019.11.30-22.39.53:161][  0]LogFileManager: Warning: MoveFile was unable to move 'E:/DAGD300/300_Final/MyProject_Final/Intermediate/AssetRegistryCache/2657c409.bin.tmp' to 'E:/DAGD300/300_Final/MyProject_Final/Intermediate/AssetRegistryCache/2657c409.bin', retrying in .5s...
[2019.11.30-22.39.53:661][  0]LogFileManager: Warning: MoveFile was unable to move 'E:/DAGD300/300_Final/MyProject_Final/Intermediate/AssetRegistryCache/2657c409.bin.tmp' to 'E:/DAGD300/300_Final/MyProject_Final/Intermediate/AssetRegistryCache/2657c409.bin', retrying in .5s...
[2019.11.30-22.39.54:162][  0]LogFileManager: Error: Error moving file 'E:/DAGD300/300_Final/MyProject_Final/Intermediate/AssetRegistryCache/2657c409.bin.tmp' to 'E:/DAGD300/300_Final/MyProject_Final/Intermediate/AssetRegistryCache/2657c409.bin'.
[2019.11.30-22.39.54:609][  0]LogPackageLocalizationCache: Processed 10 localized package path(s) for 1 prioritized culture(s) in 10.057955 seconds
[2019.11.30-22.39.54:623][  0]LogUObjectArray: 42205 objects as part of root set at end of initial load.
[2019.11.30-22.39.54:623][  0]LogUObjectAllocator: 7325032 out of 0 bytes used by permanent object pool.
[2019.11.30-22.39.54:623][  0]LogUObjectArray: CloseDisregardForGC: 0/0 objects in disregard for GC pool
[2019.11.30-22.40.26:714][  0]LogConfig: Warning: Failed to saved backup for config[E:/DAGD300/300_Final/MyProject_Final/Intermediate/Config/CoalescedSourceConfigs/InternationalizationExport.ini]
[2019.11.30-22.40.28:271][  0]LogTcpMessaging: Initializing TcpMessaging bridge
[2019.11.30-22.40.28:300][  0]LogUdpMessaging: Initializing bridge on interface 0.0.0.0:0 to multicast group 230.0.0.1:6666.
[2019.11.30-22.40.33:788][  0]SourceControl: Source control is disabled
[2019.11.30-22.40.33:804][  0]SourceControl: Source control is disabled
[2019.11.30-22.40.33:857][  0]SourceControl: Source control is disabled
[2019.11.30-22.40.33:875][  0]SourceControl: Source control is disabled
[2019.11.30-22.40.33:928][  0]LogVSAccessor: Display: Unable to create Visual Studio setup instance: 80040154
[2019.11.30-22.40.33:937][  0]LogVSAccessor: Display: Unable to create Visual Studio setup instance: 80040154
[2019.11.30-22.40.49:953][  0]LogAndroidPermission: UAndroidPermissionCallbackProxy::GetInstance
[2019.11.30-22.40.53:288][  0]LogOcInput: OculusInput pre-init called
[2019.11.30-22.40.59:380][  0]LogAutomationTest: Warning: Smoke tests took > 2s to run: 2.46s
[2019.11.30-22.41.00:324][  0]LogEngine: Initializing Engine...
[2019.11.30-22.41.00:476][  0]LogHMD: Failed to initialize OpenVR with code 110
[2019.11.30-22.41.00:593][  0]LogStats: UGameplayTagsManager::InitializeManager -  0.059 s
[2019.11.30-22.41.02:322][  0]LogInit: Initializing FReadOnlyCVARCache
[2019.11.30-22.41.04:139][  0]LogAIModule: Creating AISystem for world Untitled
[2019.11.30-22.41.04:793][  0]LogInit: XAudio2 using 'Speakers (Realtek High Definition Audio)' : 2 channels at 48 kHz using 32 bits per sample (channel mask 0x3)
[2019.11.30-22.41.04:969][  0]LogInit: FAudioDevice initialized.
[2019.11.30-22.41.04:997][  0]LogNetVersion: Set ProjectVersion to 1.0.0.0. Version Checksum will be recalculated on next use.
[2019.11.30-22.41.05:529][  0]LogDerivedDataCache: Saved boot cache 0.53s 71MB C:/Users/user/AppData/Local/UnrealEngine/4.22/DerivedDataCache/Boot.ddc.
[2019.11.30-22.41.05:535][  0]LogInit: Texture streaming: Enabled
[2019.11.30-22.41.06:157][  0]LogEngineSessionManager: EngineSessionManager initialized
[2019.11.30-22.41.06:374][  0]LogInit: Transaction tracking system initialized
[2019.11.30-22.41.06:695][  0]BlueprintLog: New page: Editor Load
[2019.11.30-22.41.08:867][  0]LocalizationService: Localization service is disabled
[2019.11.30-22.41.10:084][  0]LogVSAccessor: Display: Unable to create Visual Studio setup instance: 80040154
[2019.11.30-22.41.10:085][  0]LogVSAccessor: Display: Unable to create Visual Studio setup instance: 80040154
[2019.11.30-22.41.13:758][  0]LogFileCache: Scanning file cache for directory 'E:/DAGD300/300_Final/MyProject_Final/Content/' took 0.03s
[2019.11.30-22.41.13:758][  0]LogCook: Display: Max memory allowance for cook 16384mb min free memory 0mb
[2019.11.30-22.41.13:783][  0]LogCook: Display: Mobile HDR setting 1
[2019.11.30-22.41.20:329][  0]SourceControl: Source control is disabled
[2019.11.30-22.41.20:454][  0]Cmd: MAP LOAD FILE="E:/DAGD300/300_Final/MyProject_Final/Content/FirstPersonBP/Maps/FirstPersonExampleMap.umap" TEMPLATE=0 SHOWPROGRESS=1 FEATURELEVEL=3
[2019.11.30-22.41.20:478][  0]LogEditorServer: Warning: Can't find file 'E:/DAGD300/300_Final/MyProject_Final/Content/FirstPersonBP/Maps/FirstPersonExampleMap.umap'
[2019.11.30-22.41.20:543][  0]Cmd: MAP CHECKDEP NOCLEARLOG
[2019.11.30-22.41.20:571][  0]MapCheck: Map check complete: 0 Error(s), 0 Warning(s), took 17.678ms to complete.
[2019.11.30-22.41.20:571][  0]LogFileHelpers: Loading map 'FirstPersonExampleMap' took 0.206
[2019.11.30-22.41.25:514][  0]LogCollectionManager: Loaded 0 collections in 0.003740 seconds
[2019.11.30-22.41.25:725][  0]LogFileCache: Scanning file cache for directory 'E:/DAGD300/300_Final/MyProject_Final/Saved/Collections/' took 0.02s
[2019.11.30-22.41.25:725][  0]LogFileCache: Scanning file cache for directory 'E:/DAGD300/300_Final/MyProject_Final/Content/Developers/user/Collections/' took 0.02s
[2019.11.30-22.41.25:725][  0]LogFileCache: Scanning file cache for directory 'E:/DAGD300/300_Final/MyProject_Final/Content/Collections/' took 0.00s
[2019.11.30-22.41.25:725][  0]LogCollectionManager: Rebuilt the GUID cache for 0 collections in 0.000000 seconds
[2019.11.30-22.41.25:748][  0]LogContentBrowser: Native class hierarchy populated in 0.0224 seconds. Added 2732 classes and 659 folders.
[2019.11.30-22.41.25:917][  0]LogContentBrowser: Native class hierarchy updated for 'WidgetCarousel' in 0.0003 seconds. Added 0 classes and 0 folders.
[2019.11.30-22.41.25:999][  0]LogPakFile: Registered encryption key '00000000000000000000000000000000': 0 pak files mounted, 0 remain pending
[2019.11.30-22.41.26:055][  0]LogPakFile: Registered encryption key '00000000000000000000000000000000': 0 pak files mounted, 0 remain pending
[2019.11.30-22.41.26:067][  0]LogPakFile: Registered encryption key '00000000000000000000000000000000': 0 pak files mounted, 0 remain pending
[2019.11.30-22.41.26:092][  0]LogPakFile: Registered encryption key '00000000000000000000000000000000': 0 pak files mounted, 0 remain pending
[2019.11.30-22.41.26:106][  0]LogPakFile: Registered encryption key '00000000000000000000000000000000': 0 pak files mounted, 0 remain pending
[2019.11.30-22.41.26:118][  0]LogPakFile: Registered encryption key '00000000000000000000000000000000': 0 pak files mounted, 0 remain pending
[2019.11.30-22.41.26:126][  0]LogPakFile: Registered encryption key '00000000000000000000000000000000': 0 pak files mounted, 0 remain pending
[2019.11.30-22.41.26:135][  0]LogPakFile: Registered encryption key '00000000000000000000000000000000': 0 pak files mounted, 0 remain pending
[2019.11.30-22.41.26:145][  0]LogPakFile: Registered encryption key '00000000000000000000000000000000': 0 pak files mounted, 0 remain pending
[2019.11.30-22.41.26:154][  0]LogPakFile: Registered encryption key '00000000000000000000000000000000': 0 pak files mounted, 0 remain pending
[2019.11.30-22.41.26:169][  0]LogPakFile: Registered encryption key '00000000000000000000000000000000': 0 pak files mounted, 0 remain pending
[2019.11.30-22.41.26:171][  0]LogPakFile: Registered encryption key '00000000000000000000000000000000': 0 pak files mounted, 0 remain pending
[2019.11.30-22.41.26:190][  0]LogPakFile: Registered encryption key '00000000000000000000000000000000': 0 pak files mounted, 0 remain pending
[2019.11.30-22.41.26:192][  0]LogPakFile: Registered encryption key '00000000000000000000000000000000': 0 pak files mounted, 0 remain pending
[2019.11.30-22.41.26:193][  0]LogPakFile: Registered encryption key '00000000000000000000000000000000': 0 pak files mounted, 0 remain pending
[2019.11.30-22.41.26:195][  0]LogPakFile: Registered encryption key '00000000000000000000000000000000': 0 pak files mounted, 0 remain pending
[2019.11.30-22.41.26:196][  0]LogPakFile: Registered encryption key '00000000000000000000000000000000': 0 pak files mounted, 0 remain pending
[2019.11.30-22.41.26:202][  0]LogPakFile: Registered encryption key '00000000000000000000000000000000': 0 pak files mounted, 0 remain pending
[2019.11.30-22.41.26:204][  0]LogPakFile: Registered encryption key '00000000000000000000000000000000': 0 pak files mounted, 0 remain pending
[2019.11.30-22.41.26:205][  0]LogPakFile: Registered encryption key '00000000000000000000000000000000': 0 pak files mounted, 0 remain pending
[2019.11.30-22.41.26:206][  0]LogPakFile: Registered encryption key '00000000000000000000000000000000': 0 pak files mounted, 0 remain pending
[2019.11.30-22.41.26:208][  0]LogPakFile: Registered encryption key '00000000000000000000000000000000': 0 pak files mounted, 0 remain pending
[2019.11.30-22.41.26:218][  0]LogPakFile: Registered encryption key '00000000000000000000000000000000': 0 pak files mounted, 0 remain pending
[2019.11.30-22.41.26:256][  0]LogPakFile: Registered encryption key '00000000000000000000000000000000': 0 pak files mounted, 0 remain pending
[2019.11.30-22.41.26:279][  0]LogPakFile: Registered encryption key '00000000000000000000000000000000': 0 pak files mounted, 0 remain pending
[2019.11.30-22.41.26:296][  0]LogPakFile: Registered encryption key '00000000000000000000000000000000': 0 pak files mounted, 0 remain pending
[2019.11.30-22.41.27:329][  0]LogContentBrowser: Native class hierarchy updated for 'AddContentDialog' in 0.0003 seconds. Added 0 classes and 0 folders.
[2019.11.30-22.41.27:818][  0]LogSlate: Updating window title bar state: overlay mode, drag disabled, window buttons hidden, title bar hidden
[2019.11.30-22.41.27:839][  0]LogSlate: Updating window title bar state: overlay mode, drag disabled, window buttons hidden, title bar hidden
[2019.11.30-22.41.27:848][  0]LogSlate: Updating window title bar state: overlay mode, drag disabled, window buttons hidden, title bar hidden
[2019.11.30-22.41.27:858][  0]LogSlate: Updating window title bar state: overlay mode, drag disabled, window buttons hidden, title bar hidden
[2019.11.30-22.41.27:895][  0]LogContentBrowser: Native class hierarchy updated for 'SceneOutliner' in 0.0003 seconds. Added 1 classes and 2 folders.
[2019.11.30-22.41.28:445][  0]LogSlate: Took 0.029464 seconds to synchronously load lazily loaded font '../../../Engine/Content/Slate/Fonts/Roboto-Regular.ttf' (155K)
[2019.11.30-22.41.28:486][  0]LogSlate: Took 0.030148 seconds to synchronously load lazily loaded font '../../../Engine/Content/Slate/Fonts/Roboto-Bold.ttf' (160K)
[2019.11.30-22.41.28:515][  0]LogSlate: Took 0.009032 seconds to synchronously load lazily loaded font '../../../Engine/Content/Editor/Slate/Fonts/FontAwesome.ttf' (139K)
[2019.11.30-22.41.29:386][  0]LogRenderer: Reallocating scene render targets to support 1252x924 Format 10 NumSamples 1 (Frame:1).
[2019.11.30-22.41.31:125][  0]LogContentBrowser: Native class hierarchy updated for 'HierarchicalLODOutliner' in 0.0003 seconds. Added 0 classes and 0 folders.
[2019.11.30-22.41.31:125][  0]LogLoad: (Engine Initialization) Total time: 241.96 seconds
[2019.11.30-22.41.31:125][  0]LogLoad: (Engine Initialization) Total Blueprint compile time: 0.00 seconds
[2019.11.30-22.41.31:503][  0]LogContentStreaming: Texture pool size now 1000 MB
[2019.11.30-22.41.32:106][  2]LogAssetRegistry: Asset discovery search completed in 136.7267 seconds
[2019.11.30-22.41.32:128][  2]LogCollectionManager: Rebuilt the object cache for 0 collections in 0.000000 seconds (found 0 objects)
[2019.11.30-22.41.32:128][  2]LogCollectionManager: Fixed up redirectors for 0 collections in 0.000415 seconds (updated 0 objects)
[2019.11.30-22.41.32:340][  2]LogSlate: Took 0.037164 seconds to synchronously load lazily loaded font '../../../Engine/Content/Slate/Fonts/Roboto-Light.ttf' (167K)
[2019.11.30-22.42.42:540][ 68]LogUObjectHash: Compacting FUObjectHashTables data took   1.75ms
[2019.11.30-22.42.46:683][ 68]LogSlate: Window 'MyProject_Final - Unreal Editor' being destroyed
[2019.11.30-22.42.46:707][ 68]LogWindowsTextInputMethodSystem: Display: IME system now deactivated.
[2019.11.30-22.42.48:389][ 69]Cmd: QUIT_EDITOR
[2019.11.30-22.42.51:161][ 69]LogExit: Preparing to exit.
[2019.11.30-22.43.06:626][ 69]LogExit: Editor shut down
[2019.11.30-22.43.06:627][ 69]LogExit: Transaction tracking system shut down
[2019.11.30-22.43.23:089][ 69]LogExit: Object subsystem successfully closed.
[2019.11.30-22.43.23:256][ 69]LogShaderCompilers: Display: Shaders left to compile 0
[2019.11.30-22.43.23:300][ 69]LogD3D11RHI: Shutdown
[2019.11.30-22.43.23:300][ 69]LogD3D11RHI: CleanupD3DDevice
[2019.11.30-22.43.23:323][ 69]LogRendererCore: FGlobalReadBuffer::ReleaseRHI
[2019.11.30-22.43.23:323][ 69]LogRendererCore: FGlobalDynamicReadBuffer::Cleanup()
[2019.11.30-22.43.23:336][ 69]LogRendererCore: FGlobalReadBuffer::ReleaseRHI
[2019.11.30-22.43.23:336][ 69]LogRendererCore: FGlobalDynamicReadBuffer::Cleanup()
[2019.11.30-22.43.23:336][ 69]LogRendererCore: FGlobalReadBuffer::ReleaseRHI
[2019.11.30-22.43.23:336][ 69]LogRendererCore: FGlobalDynamicReadBuffer::Cleanup()
[2019.11.30-22.43.23:575][ 69]LogD3D11RHI: ~FD3D11DynamicRHI
[2019.11.30-22.43.24:857][ 69]LogModuleManager: Shutting down and abandoning module HierarchicalLODOutliner (640)
[2019.11.30-22.43.24:857][ 69]LogModuleManager: Shutting down and abandoning module SceneOutliner (638)
[2019.11.30-22.43.24:857][ 69]LogModuleManager: Shutting down and abandoning module AddContentDialog (636)
[2019.11.30-22.43.24:874][ 69]LogModuleManager: Shutting down and abandoning module WidgetCarousel (635)
[2019.11.30-22.43.24:874][ 69]LogModuleManager: Shutting down and abandoning module EditorWidgets (632)
[2019.11.30-22.43.24:874][ 69]LogModuleManager: Shutting down and abandoning module CollectionManager (630)
[2019.11.30-22.43.25:339][ 69]LogModuleManager: Shutting down and abandoning module FoliageEdit (628)
[2019.11.30-22.43.25:361][ 69]LogModuleManager: Shutting down and abandoning module LandscapeEditor (626)
[2019.11.30-22.43.25:380][ 69]LogModuleManager: Shutting down and abandoning module MeshPaintMode (624)
[2019.11.30-22.43.25:390][ 69]LogModuleManager: Shutting down and abandoning module SceneDepthPickerMode (622)
[2019.11.30-22.43.25:390][ 69]LogModuleManager: Shutting down and abandoning module ActorPickerMode (620)
[2019.11.30-22.43.25:390][ 69]LogModuleManager: Shutting down and abandoning module GeometryMode (618)
[2019.11.30-22.43.25:390][ 69]LogModuleManager: Shutting down and abandoning module TextureAlignMode (616)
[2019.11.30-22.43.25:390][ 69]LogModuleManager: Shutting down and abandoning module BspMode (614)
[2019.11.30-22.43.25:396][ 69]LogModuleManager: Shutting down and abandoning module PIEPreviewDeviceProfileSelector (612)
[2019.11.30-22.43.25:415][ 69]LogModuleManager: Shutting down and abandoning module SequenceRecorderSections (610)
[2019.11.30-22.43.25:425][ 69]LogModuleManager: Shutting down and abandoning module AutomationWorker (608)
[2019.11.30-22.43.25:428][ 69]LogModuleManager: Shutting down and abandoning module OculusMR (606)
[2019.11.30-22.43.25:428][ 69]LogModuleManager: Shutting down and abandoning module AudioCaptureEditor (604)
[2019.11.30-22.43.25:438][ 69]LogModuleManager: Shutting down and abandoning module MatineeToLevelSequence (602)
[2019.11.30-22.43.25:450][ 69]LogModuleManager: Shutting down and abandoning module LevelSequenceEditor (600)
[2019.11.30-22.43.25:473][ 69]LogModuleManager: Shutting down and abandoning module PlacementMode (599)
[2019.11.30-22.43.25:473][ 69]LogModuleManager: Shutting down and abandoning module MaterialEditor (598)
[2019.11.30-22.43.25:505][ 69]LogModuleManager: Shutting down and abandoning module ActorSequenceEditor (594)
[2019.11.30-22.43.25:517][ 69]LogModuleManager: Shutting down and abandoning module WmfMediaFactory (592)
[2019.11.30-22.43.25:517][ 69]LogModuleManager: Shutting down and abandoning module WmfMediaEditor (590)
[2019.11.30-22.43.25:517][ 69]LogModuleManager: Shutting down and abandoning module WebMMediaFactory (588)
[2019.11.30-22.43.25:517][ 69]LogModuleManager: Shutting down and abandoning module WebMMediaEditor (586)
[2019.11.30-22.43.25:517][ 69]LogModuleManager: Shutting down and abandoning module WebMMedia (584)
[2019.11.30-22.43.25:529][ 69]LogModuleManager: Shutting down and abandoning module MediaPlayerEditor (582)
[2019.11.30-22.43.25:545][ 69]LogModuleManager: Shutting down and abandoning module MediaCompositingEditor (580)
[2019.11.30-22.43.25:545][ 69]LogModuleManager: Shutting down and abandoning module SequenceRecorder (579)
[2019.11.30-22.43.25:545][ 69]LogModuleManager: Shutting down and abandoning module OpenExrWrapper (576)
[2019.11.30-22.43.25:545][ 69]LogModuleManager: Shutting down and abandoning module ImgMediaFactory (574)
[2019.11.30-22.43.25:545][ 69]LogModuleManager: Shutting down and abandoning module ImgMediaEditor (572)
[2019.11.30-22.43.25:545][ 69]LogModuleManager: Shutting down and abandoning module AvfMediaFactory (570)
[2019.11.30-22.43.25:545][ 69]LogModuleManager: Shutting down and abandoning module AvfMediaEditor (568)
[2019.11.30-22.43.25:545][ 69]LogModuleManager: Shutting down and abandoning module AndroidMediaFactory (566)
[2019.11.30-22.43.25:545][ 69]LogModuleManager: Shutting down and abandoning module AndroidMediaEditor (564)
[2019.11.30-22.43.25:545][ 69]LogModuleManager: Shutting down and abandoning module MagicLeapCameraPreviewFactory (562)
[2019.11.30-22.43.25:545][ 69]LogModuleManager: Shutting down and abandoning module MagicLeapMediaCodecFactory (560)
[2019.11.30-22.43.25:545][ 69]LogModuleManager: Shutting down and abandoning module MagicLeapMediaFactory (558)
[2019.11.30-22.43.25:546][ 69]LogModuleManager: Shutting down and abandoning module MagicLeapMediaEditor (556)
[2019.11.30-22.43.25:546][ 69]LogModuleManager: Shutting down and abandoning module CharacterAI (554)
[2019.11.30-22.43.25:546][ 69]LogModuleManager: Shutting down and abandoning module SmartSnapping (552)
[2019.11.30-22.43.25:546][ 69]LogModuleManager: Shutting down and abandoning module SessionServices (550)
[2019.11.30-22.43.25:546][ 69]LogModuleManager: Shutting down and abandoning module MeshPaint (548)
[2019.11.30-22.43.25:556][ 69]LogModuleManager: Shutting down and abandoning module ViewportSnapping (546)
[2019.11.30-22.43.25:556][ 69]LogModuleManager: Shutting down and abandoning module ViewportInteraction (544)
[2019.11.30-22.43.25:556][ 69]LogModuleManager: Shutting down and abandoning module ClothPainter (542)
[2019.11.30-22.43.25:577][ 69]LogModuleManager: Shutting down and abandoning module SkeletalMeshEditor (541)
[2019.11.30-22.43.25:591][ 69]LogModuleManager: Shutting down and abandoning module LogVisualizer (538)
[2019.11.30-22.43.25:618][ 69]LogModuleManager: Shutting down and abandoning module IntroTutorials (536)
[2019.11.30-22.43.25:647][ 69]LogModuleManager: Shutting down and abandoning module GameProjectGeneration (535)
[2019.11.30-22.43.25:663][ 69]LogModuleManager: Shutting down and abandoning module LuminPlatformEditor (532)
[2019.11.30-22.43.25:663][ 69]LogModuleManager: Shutting down and abandoning module IOSPlatformEditor (530)
[2019.11.30-22.43.25:663][ 69]LogModuleManager: Shutting down and abandoning module HTML5PlatformEditor (528)
[2019.11.30-22.43.25:663][ 69]LogModuleManager: Shutting down and abandoning module AndroidPlatformEditor (526)
[2019.11.30-22.43.25:676][ 69]LogModuleManager: Shutting down and abandoning module AndroidDeviceDetection (525)
[2019.11.30-22.43.26:452][ 69]LogModuleManager: Shutting down and abandoning module WindowsPlatformEditor (522)
[2019.11.30-22.43.26:452][ 69]LogModuleManager: Shutting down and abandoning module LuminRuntimeSettings (520)
[2019.11.30-22.43.26:452][ 69]LogModuleManager: Shutting down and abandoning module IOSRuntimeSettings (518)
[2019.11.30-22.43.26:453][ 69]LogModuleManager: Shutting down and abandoning module AndroidRuntimeSettings (516)
[2019.11.30-22.43.26:453][ 69]LogModuleManager: Shutting down and abandoning module TimeManagementEditor (514)
[2019.11.30-22.43.26:453][ 69]LogModuleManager: Shutting down and abandoning module InputBindingEditor (512)
[2019.11.30-22.43.26:481][ 69]LogModuleManager: Shutting down and abandoning module MergeActors (510)
[2019.11.30-22.43.26:490][ 69]LogModuleManager: Shutting down and abandoning module LocalizationDashboard (508)
[2019.11.30-22.43.26:498][ 69]LogModuleManager: Shutting down and abandoning module LocalizationService (507)
[2019.11.30-22.43.26:504][ 69]LogModuleManager: Shutting down and abandoning module HardwareTargeting (504)
[2019.11.30-22.43.26:504][ 69]LogModuleManager: Shutting down and abandoning module DeviceProfileEditor (502)
[2019.11.30-22.43.26:513][ 69]LogModuleManager: Shutting down and abandoning module UndoHistory (500)
[2019.11.30-22.43.26:523][ 69]LogModuleManager: Shutting down and abandoning module XmlParser (498)
[2019.11.30-22.43.26:530][ 69]LogModuleManager: Shutting down and abandoning module Blutility (496)
[2019.11.30-22.43.26:530][ 69]LogModuleManager: Shutting down and abandoning module ProjectSettingsViewer (494)
[2019.11.30-22.43.26:530][ 69]LogModuleManager: Shutting down and abandoning module ProjectTargetPlatformEditor (493)
[2019.11.30-22.43.26:530][ 69]LogModuleManager: Shutting down and abandoning module EditorSettingsViewer (490)
[2019.11.30-22.43.26:531][ 69]LogModuleManager: Shutting down and abandoning module SettingsEditor (488)
[2019.11.30-22.43.26:554][ 69]LogModuleManager: Shutting down and abandoning module ProjectLauncher (486)
[2019.11.30-22.43.26:569][ 69]LogModuleManager: Shutting down and abandoning module SessionFrontend (484)
[2019.11.30-22.43.26:573][ 69]LogModuleManager: Shutting down and abandoning module ProfilerClient (482)
[2019.11.30-22.43.26:587][ 69]LogModuleManager: Shutting down and abandoning module DeviceManager (480)
[2019.11.30-22.43.26:626][ 69]LogModuleManager: Shutting down and abandoning module TargetDeviceServices (479)
[2019.11.30-22.43.26:670][ 69]LogModuleManager: Shutting down and abandoning module AutomationController (476)
[2019.11.30-22.43.26:689][ 69]LogModuleManager: Shutting down and abandoning module AutomationWindow (474)
[2019.11.30-22.43.26:709][ 69]LogModuleManager: Shutting down and abandoning module Layers (472)
[2019.11.30-22.43.26:721][ 69]LogModuleManager: Shutting down and abandoning module ComponentVisualizers (470)
[2019.11.30-22.43.26:721][ 69]LogModuleManager: Shutting down and abandoning module DetailCustomizations (468)
[2019.11.30-22.43.26:741][ 69]LogModuleManager: Shutting down and abandoning module PackagesDialog (466)
[2019.11.30-22.43.26:754][ 69]LogModuleManager: Shutting down and abandoning module AnimationBlueprintEditor (464)
[2019.11.30-22.43.26:778][ 69]LogModuleManager: Shutting down and abandoning module Persona (462)
[2019.11.30-22.43.26:796][ 69]LogModuleManager: Shutting down and abandoning module AdvancedPreviewScene (461)
[2019.11.30-22.43.26:796][ 69]LogModuleManager: Shutting down and abandoning module AnimGraph (459)
[2019.11.30-22.43.26:796][ 69]LogModuleManager: Shutting down and abandoning module Kismet (456)
[2019.11.30-22.43.26:821][ 69]LogModuleManager: Shutting down and abandoning module GraphEditor (454)
[2019.11.30-22.43.26:848][ 69]LogModuleManager: Shutting down and abandoning module ClassViewer (452)
[2019.11.30-22.43.26:848][ 69]LogModuleManager: Shutting down and abandoning module Toolbox (450)
[2019.11.30-22.43.26:848][ 69]LogModuleManager: Shutting down and abandoning module ModuleUI (448)
[2019.11.30-22.43.26:859][ 69]LogModuleManager: Shutting down and abandoning module MovieSceneTools (446)
[2019.11.30-22.43.26:868][ 69]LogModuleManager: Shutting down and abandoning module OutputLog (444)
[2019.11.30-22.43.26:869][ 69]LogModuleManager: Shutting down and abandoning module GammaUI (442)
[2019.11.30-22.43.26:875][ 69]LogModuleManager: Shutting down and abandoning module Documentation (440)
[2019.11.30-22.43.26:875][ 69]LogModuleManager: Shutting down and abandoning module LiveCoding (438)
[2019.11.30-22.43.26:881][ 69]LogModuleManager: Shutting down and abandoning module LevelSequence (436)
[2019.11.30-22.43.26:881][ 69]LogModuleManager: Shutting down and abandoning module MovieSceneTracks (434)
[2019.11.30-22.43.26:881][ 69]LogModuleManager: Shutting down and abandoning module MovieScene (432)
[2019.11.30-22.43.26:893][ 69]LogModuleManager: Shutting down and abandoning module StreamingPauseRendering (430)
[2019.11.30-22.43.26:897][ 69]LogModuleManager: Shutting down and abandoning module LauncherPlatform (428)
[2019.11.30-22.43.26:897][ 69]LogModuleManager: Shutting down and abandoning module AnalyticsET (426)
[2019.11.30-22.43.26:897][ 69]LogModuleManager: Shutting down and abandoning module PortalServices (424)
[2019.11.30-22.43.26:898][ 69]LogModuleManager: Shutting down and abandoning module PortalRpc (422)
[2019.11.30-22.43.26:898][ 69]LogModuleManager: Shutting down and abandoning module MessagingRpc (420)
[2019.11.30-22.43.26:898][ 69]LogModuleManager: Shutting down and abandoning module AIModule (418)
[2019.11.30-22.43.26:925][ 69]LogModuleManager: Shutting down and abandoning module GameplayDebugger (417)
[2019.11.30-22.43.26:933][ 69]LogModuleManager: Shutting down and abandoning module AITestSuite (415)
[2019.11.30-22.43.26:940][ 69]LogModuleManager: Shutting down and abandoning module NavigationSystem (413)
[2019.11.30-22.43.26:940][ 69]LogModuleManager: Shutting down and abandoning module DesktopPlatform (410)
[2019.11.30-22.43.26:940][ 69]LogModuleManager: Shutting down and abandoning module ImageWriteQueue (408)
[2019.11.30-22.43.26:944][ 69]LogModuleManager: Shutting down and abandoning module ProfilerService (406)
[2019.11.30-22.43.27:028][ 69]LogModuleManager: Shutting down and abandoning module TaskGraph (404)
[2019.11.30-22.43.27:058][ 69]LogModuleManager: Shutting down and abandoning module SteamVRController (402)
[2019.11.30-22.43.27:058][ 69]LogModuleManager: Shutting down and abandoning module ProceduralMeshComponentEditor (400)
[2019.11.30-22.43.27:064][ 69]LogModuleManager: Shutting down and abandoning module ProceduralMeshComponent (398)
[2019.11.30-22.43.27:072][ 69]LogModuleManager: Shutting down and abandoning module OculusEditor (396)
[2019.11.30-22.43.27:078][ 69]LogModuleManager: Shutting down and abandoning module OculusInput (394)
[2019.11.30-22.43.27:078][ 69]LogModuleManager: Shutting down and abandoning module MobilePatchingUtils (392)
[2019.11.30-22.43.27:078][ 69]LogModuleManager: Shutting down and abandoning module EditableMesh (390)
[2019.11.30-22.43.27:089][ 69]LogModuleManager: Shutting down and abandoning module CustomMeshComponent (388)
[2019.11.30-22.43.27:089][ 69]LogModuleManager: Shutting down and abandoning module CableComponent (386)
[2019.11.30-22.43.27:093][ 69]LogModuleManager: Shutting down and abandoning module AudioCapture (384)
[2019.11.30-22.43.27:094][ 69]LogModuleManager: Shutting down and abandoning module ArchVisCharacter (382)
[2019.11.30-22.43.27:094][ 69]LogModuleManager: Shutting down and abandoning module AndroidPermission (380)
[2019.11.30-22.43.27:094][ 69]LogModuleManager: Shutting down and abandoning module NUTUnrealEngine4 (378)
[2019.11.30-22.43.27:104][ 69]LogModuleManager: Shutting down and abandoning module NetcodeUnitTest (376)
[2019.11.30-22.43.27:105][ 69]LogModuleManager: Shutting down and abandoning module MediaCompositing (374)
[2019.11.30-22.43.27:106][ 69]LogModuleManager: Shutting down and abandoning module LinearTimecode (372)
[2019.11.30-22.43.27:106][ 69]LogModuleManager: Shutting down and abandoning module ImgMedia (370)
[2019.11.30-22.43.27:106][ 69]LogModuleManager: Shutting down and abandoning module MagicLeapHelperVulkan (368)
[2019.11.30-22.43.27:106][ 69]LogModuleManager: Shutting down and abandoning module MagicLeapHelperOpenGL (366)
[2019.11.30-22.43.27:117][ 69]LogModuleManager: Shutting down and abandoning module MagicLeapAudio (364)
[2019.11.30-22.43.27:124][ 69]LogModuleManager: Shutting down and abandoning module HTML5Networking (362)
[2019.11.30-22.43.27:124][ 69]LogModuleManager: Shutting down and abandoning module GeometryCacheTracks (360)
[2019.11.30-22.43.27:124][ 69]LogModuleManager: Shutting down and abandoning module GeometryCacheSequencer (358)
[2019.11.30-22.43.27:124][ 69]LogModuleManager: Shutting down and abandoning module BackChannel (356)
[2019.11.30-22.43.27:134][ 69]LogModuleManager: Shutting down and abandoning module AppleVision (354)
[2019.11.30-22.43.27:134][ 69]LogModuleManager: Shutting down and abandoning module AppleImageUtilsBlueprintSupport (352)
[2019.11.30-22.43.27:134][ 69]LogModuleManager: Shutting down and abandoning module AppleImageUtils (350)
[2019.11.30-22.43.27:134][ 69]LogModuleManager: Shutting down and abandoning module AlembicImporter (348)
[2019.11.30-22.43.27:134][ 69]LogModuleManager: Shutting down and abandoning module AlembicLibrary (347)
[2019.11.30-22.43.27:134][ 69]LogModuleManager: Shutting down and abandoning module GeometryCache (346)
[2019.11.30-22.43.27:134][ 69]LogModuleManager: Shutting down and abandoning module GeometryCacheEd (345)
[2019.11.30-22.43.27:134][ 69]LogModuleManager: Shutting down and abandoning module VariantManagerContent (340)
[2019.11.30-22.43.27:134][ 69]LogModuleManager: Shutting down and abandoning module DatasmithContentEditor (338)
[2019.11.30-22.43.27:145][ 69]LogModuleManager: Shutting down and abandoning module SpeedTreeImporter (336)
[2019.11.30-22.43.27:145][ 69]LogModuleManager: Shutting down and abandoning module PluginBrowser (334)
[2019.11.30-22.43.27:167][ 69]LogModuleManager: Shutting down and abandoning module MobileLauncherProfileWizard (332)
[2019.11.30-22.43.27:174][ 69]LogModuleManager: Shutting down and abandoning module MaterialAnalyzer (330)
[2019.11.30-22.43.27:178][ 69]LogModuleManager: Shutting down and abandoning module CryptoKeysOpenSSL (328)
[2019.11.30-22.43.27:178][ 69]LogModuleManager: Shutting down and abandoning module CryptoKeys (326)
[2019.11.30-22.43.27:179][ 69]LogModuleManager: Shutting down and abandoning module VisualStudioSourceCodeAccess (324)
[2019.11.30-22.43.27:189][ 69]LogModuleManager: Shutting down and abandoning module VisualStudioCodeSourceCodeAccess (322)
[2019.11.30-22.43.27:189][ 69]LogModuleManager: Shutting down and abandoning module UObjectPlugin (320)
[2019.11.30-22.43.27:189][ 69]LogModuleManager: Shutting down and abandoning module SubversionSourceControl (318)
[2019.11.30-22.43.27:199][ 69]LogModuleManager: Shutting down and abandoning module PerforceSourceControl (316)
[2019.11.30-22.43.27:208][ 69]LogModuleManager: Shutting down and abandoning module GitSourceControl (314)
[2019.11.30-22.43.27:220][ 69]LogModuleManager: Shutting down and abandoning module SourceControl (313)
[2019.11.30-22.43.27:230][ 69]LogModuleManager: Shutting down and abandoning module CLionSourceCodeAccess (310)
[2019.11.30-22.43.27:230][ 69]LogModuleManager: Shutting down and abandoning module AnimationSharingEd (308)
[2019.11.30-22.43.27:230][ 69]LogModuleManager: Shutting down and abandoning module ActorLayerUtilitiesEditor (306)
[2019.11.30-22.43.27:230][ 69]LogModuleManager: Shutting down and abandoning module ActorLayerUtilities (304)
[2019.11.30-22.43.27:230][ 69]LogModuleManager: Shutting down and abandoning module LightPropagationVolumeEditor (302)
[2019.11.30-22.43.27:230][ 69]LogModuleManager: Shutting down and abandoning module PaperTiledImporter (300)
[2019.11.30-22.43.27:230][ 69]LogModuleManager: Shutting down and abandoning module PaperSpriteSheetImporter (298)
[2019.11.30-22.43.27:230][ 69]LogModuleManager: Shutting down and abandoning module Paper2DEditor (296)
[2019.11.30-22.43.27:246][ 69]LogModuleManager: Shutting down and abandoning module SignificanceManager (294)
[2019.11.30-22.43.27:246][ 69]LogModuleManager: Shutting down and abandoning module RuntimePhysXCooking (292)
[2019.11.30-22.43.27:246][ 69]LogModuleManager: Shutting down and abandoning module PhysXVehiclesEditor (290)
[2019.11.30-22.43.27:246][ 69]LogModuleManager: Shutting down and abandoning module PhysXVehicles (288)
[2019.11.30-22.43.27:246][ 69]LogModuleManager: Shutting down and abandoning module LocationServicesBPLibrary (286)
[2019.11.30-22.43.27:246][ 69]LogModuleManager: Shutting down and abandoning module ActorSequence (284)
[2019.11.30-22.43.27:246][ 69]LogModuleManager: Shutting down and abandoning module UdpMessaging (282)
[2019.11.30-22.43.27:347][ 69]LogModuleManager: Shutting down and abandoning module TcpMessaging (280)
[2019.11.30-22.43.27:463][ 69]LogModuleManager: Shutting down and abandoning module MagicLeapIdentity (278)
[2019.11.30-22.43.27:463][ 69]LogModuleManager: Shutting down and abandoning module MagicLeapSecureStorage (276)
[2019.11.30-22.43.27:463][ 69]LogModuleManager: Shutting down and abandoning module MagicLeapHandTracking (274)
[2019.11.30-22.43.27:474][ 69]LogModuleManager: Shutting down and abandoning module MagicLeapEyeTracker (272)
[2019.11.30-22.43.27:474][ 69]LogModuleManager: Shutting down and abandoning module MagicLeapController (270)
[2019.11.30-22.43.27:479][ 69]LogSlate: Slate User Destroyed.  User Index 0, Is Virtual User: 0
[2019.11.30-22.43.27:479][ 69]LogModuleManager: Shutting down and abandoning module MagicLeapAR (268)
[2019.11.30-22.43.27:479][ 69]LogModuleManager: Shutting down and abandoning module AugmentedReality (267)
[2019.11.30-22.43.27:479][ 69]LogModuleManager: Shutting down and abandoning module GameplayTagsEditor (264)
[2019.11.30-22.43.27:500][ 69]LogModuleManager: Shutting down and abandoning module FacialAnimationEditor (262)
[2019.11.30-22.43.27:500][ 69]LogModuleManager: Shutting down and abandoning module FacialAnimation (260)
[2019.11.30-22.43.27:500][ 69]LogModuleManager: Shutting down and abandoning module DataValidation (258)
[2019.11.30-22.43.27:500][ 69]LogModuleManager: Shutting down and abandoning module AssetManagerEditor (256)
[2019.11.30-22.43.27:520][ 69]LogModuleManager: Shutting down and abandoning module LevelEditor (255)
[2019.11.30-22.43.27:540][ 69]LogModuleManager: Shutting down and abandoning module PixelInspectorModule (254)
[2019.11.30-22.43.27:549][ 69]LogModuleManager: Shutting down and abandoning module CommonMenuExtensions (252)
[2019.11.30-22.43.27:549][ 69]LogModuleManager: Shutting down and abandoning module MainFrame (250)
[2019.11.30-22.43.27:550][ 69]LogModuleManager: Shutting down and abandoning module HotReload (249)
[2019.11.30-22.43.27:560][ 69]LogModuleManager: Shutting down and abandoning module ContentBrowser (245)
[2019.11.30-22.43.27:563][ 69]LogModuleManager: Shutting down and abandoning module TreeMap (243)
[2019.11.30-22.43.27:572][ 69]LogModuleManager: Shutting down and abandoning module AnimationSharing (240)
[2019.11.30-22.43.27:572][ 69]LogModuleManager: Shutting down and abandoning module LightPropagationVolumeRuntime (238)
[2019.11.30-22.43.27:572][ 69]LogModuleManager: Shutting down and abandoning module AISupportModule (236)
[2019.11.30-22.43.27:572][ 69]LogModuleManager: Shutting down and abandoning module Paper2D (234)
[2019.11.30-22.43.27:580][ 69]LogModuleManager: Shutting down and abandoning module WindowsMoviePlayer (232)
[2019.11.30-22.43.27:589][ 69]LogModuleManager: Shutting down and abandoning module WebMMoviePlayer (230)
[2019.11.30-22.43.27:594][ 69]LogModuleManager: Shutting down and abandoning module PacketHandler (228)
[2019.11.30-22.43.27:594][ 69]LogModuleManager: Shutting down and abandoning module ClothingSystemEditor (226)
[2019.11.30-22.43.27:594][ 69]LogModuleManager: Shutting down and abandoning module ClothingSystemRuntime (224)
[2019.11.30-22.43.27:611][ 69]LogModuleManager: Shutting down and abandoning module MediaAssets (222)
[2019.11.30-22.43.27:611][ 69]LogModuleManager: Shutting down and abandoning module Overlay (220)
[2019.11.30-22.43.27:611][ 69]LogModuleManager: Shutting down and abandoning module OverlayEditor (219)
[2019.11.30-22.43.27:611][ 69]LogModuleManager: Shutting down and abandoning module VREditor (216)
[2019.11.30-22.43.27:624][ 69]LogModuleManager: Shutting down and abandoning module StringTableEditor (214)
[2019.11.30-22.43.27:633][ 69]LogModuleManager: Shutting down and abandoning module GameplayTasksEditor (212)
[2019.11.30-22.43.27:633][ 69]LogModuleManager: Shutting down and abandoning module BehaviorTreeEditor (210)
[2019.11.30-22.43.27:651][ 69]LogModuleManager: Shutting down and abandoning module FunctionalTesting (208)
[2019.11.30-22.43.27:657][ 69]LogModuleManager: Shutting down and abandoning module CollisionAnalyzer (206)
[2019.11.30-22.43.27:674][ 69]LogModuleManager: Shutting down and abandoning module WorkspaceMenuStructure (205)
[2019.11.30-22.43.27:695][ 69]LogModuleManager: Shutting down and abandoning module UMG (202)
[2019.11.30-22.43.27:717][ 69]LogModuleManager: Shutting down and abandoning module UMGEditor (201)
[2019.11.30-22.43.27:746][ 69]LogModuleManager: Shutting down and abandoning module Sequencer (200)
[2019.11.30-22.43.27:784][ 69]LogModuleManager: Shutting down and abandoning module MessageLog (197)
[2019.11.30-22.43.27:784][ 69]LogModuleManager: Shutting down and abandoning module SlateReflector (192)
[2019.11.30-22.43.27:805][ 69]LogModuleManager: Shutting down and abandoning module Slate (190)
[2019.11.30-22.43.27:806][ 69]LogModuleManager: Shutting down and abandoning module EditorStyle (188)
[2019.11.30-22.43.27:811][ 69]LogModuleManager: Shutting down and abandoning module UnrealEd (186)
[2019.11.30-22.43.27:817][ 69]LogModuleManager: Shutting down and abandoning module MRMesh (184)
[2019.11.30-22.43.27:818][ 69]LogModuleManager: Shutting down and abandoning module SourceCodeAccess (182)
[2019.11.30-22.43.27:818][ 69]LogModuleManager: Shutting down and abandoning module HeadMountedDisplay (180)
[2019.11.30-22.43.27:818][ 69]LogModuleManager: Shutting down and abandoning module XAudio2 (178)
[2019.11.30-22.43.27:818][ 69]LogModuleManager: Shutting down and abandoning module Networking (176)
[2019.11.30-22.43.27:818][ 69]LogModuleManager: Shutting down and abandoning module Core (174)
[2019.11.30-22.43.27:818][ 69]LogModuleManager: Shutting down and abandoning module KismetCompiler (172)
[2019.11.30-22.43.27:818][ 69]LogModuleManager: Shutting down and abandoning module MeshUtilities (170)
[2019.11.30-22.43.27:818][ 69]LogModuleManager: Shutting down and abandoning module MeshMergeUtilities (169)
[2019.11.30-22.43.27:833][ 69]LogModuleManager: Shutting down and abandoning module MeshReductionInterface (168)
[2019.11.30-22.43.27:833][ 69]LogModuleManager: Shutting down and abandoning module SkeletalMeshReduction (167)
[2019.11.30-22.43.27:838][ 69]LogModuleManager: Shutting down and abandoning module ProxyLODMeshReduction (165)
[2019.11.30-22.43.27:856][ 69]LogModuleManager: Shutting down and abandoning module QuadricMeshReduction (163)
[2019.11.30-22.43.27:867][ 69]LogModuleManager: Shutting down and abandoning module MaterialBaking (159)
[2019.11.30-22.43.27:874][ 69]LogModuleManager: Shutting down and abandoning module DerivedDataCache (154)
[2019.11.30-22.43.27:950][ 69]LogDerivedDataCache: Shutdown
[2019.11.30-22.43.27:950][ 69]LogModuleManager: Shutting down and abandoning module XGEController (152)
[2019.11.30-22.43.27:950][ 69]LogXGEController: Cleaning working directory: C:/Users/user/AppData/Local/Temp/UnrealXGEWorkingDir/
[2019.11.30-22.43.27:967][ 69]LogModuleManager: Shutting down and abandoning module TargetPlatform (150)
[2019.11.30-22.43.27:979][ 69]LogModuleManager: Shutting down and abandoning module VulkanShaderFormat (149)
[2019.11.30-22.43.27:986][ 69]LogModuleManager: Shutting down and abandoning module ShaderFormatVectorVM (147)
[2019.11.30-22.43.27:995][ 69]LogModuleManager: Shutting down and abandoning module ShaderFormatOpenGL (145)
[2019.11.30-22.43.28:003][ 69]LogModuleManager: Shutting down and abandoning module ShaderFormatD3D (143)
[2019.11.30-22.43.28:014][ 69]LogModuleManager: Shutting down and abandoning module MetalShaderFormat (141)
[2019.11.30-22.43.28:026][ 69]LogModuleManager: Shutting down and abandoning module TextureFormatUncompressed (139)
[2019.11.30-22.43.28:026][ 69]LogModuleManager: Shutting down and abandoning module TextureFormatPVR (137)
[2019.11.30-22.43.28:026][ 69]LogModuleManager: Shutting down and abandoning module TextureFormatDXT (135)
[2019.11.30-22.43.28:037][ 69]LogModuleManager: Shutting down and abandoning module TextureFormatIntelISPCTexComp (133)
[2019.11.30-22.43.28:042][ 69]LogModuleManager: Shutting down and abandoning module TextureFormatASTC (131)
[2019.11.30-22.43.28:042][ 69]LogModuleManager: Shutting down and abandoning module ImageWrapper (130)
[2019.11.30-22.43.28:042][ 69]LogModuleManager: Shutting down and abandoning module TextureFormatAndroid (127)
[2019.11.30-22.43.28:042][ 69]LogModuleManager: Shutting down and abandoning module AudioFormatOpus (125)
[2019.11.30-22.43.28:051][ 69]LogModuleManager: Shutting down and abandoning module AudioFormatOgg (123)
[2019.11.30-22.43.28:051][ 69]LogModuleManager: Shutting down and abandoning module AudioFormatADPCM (121)
[2019.11.30-22.43.28:057][ 69]LogModuleManager: Shutting down and abandoning module LuminTargetPlatform (119)
[2019.11.30-22.43.28:066][ 69]LogModuleManager: Shutting down and abandoning module LinuxTargetPlatform (117)
[2019.11.30-22.43.28:066][ 69]LogModuleManager: Shutting down and abandoning module LinuxServerTargetPlatform (115)
[2019.11.30-22.43.28:078][ 69]LogModuleManager: Shutting down and abandoning module LinuxNoEditorTargetPlatform (113)
[2019.11.30-22.43.28:086][ 69]LogModuleManager: Shutting down and abandoning module LinuxClientTargetPlatform (111)
[2019.11.30-22.43.28:093][ 69]LogModuleManager: Shutting down and abandoning module TVOSTargetPlatform (109)
[2019.11.30-22.43.28:094][ 69]LogModuleManager: Shutting down and abandoning module Messaging (107)
[2019.11.30-22.43.28:094][ 69]LogModuleManager: Shutting down and abandoning module IOSTargetPlatform (105)
[2019.11.30-22.43.28:095][ 69]LogModuleManager: Shutting down and abandoning module HTML5TargetPlatform (103)
[2019.11.30-22.43.28:095][ 69]LogModuleManager: Shutting down and abandoning module AndroidTargetPlatform (101)
[2019.11.30-22.43.28:103][ 69]LogModuleManager: Shutting down and abandoning module WindowsTargetPlatform (99)
[2019.11.30-22.43.28:103][ 69]LogModuleManager: Shutting down and abandoning module WindowsServerTargetPlatform (97)
[2019.11.30-22.43.28:103][ 69]LogModuleManager: Shutting down and abandoning module WindowsNoEditorTargetPlatform (95)
[2019.11.30-22.43.28:103][ 69]LogModuleManager: Shutting down and abandoning module WindowsClientTargetPlatform (93)
[2019.11.30-22.43.28:103][ 69]LogModuleManager: Shutting down and abandoning module MacTargetPlatform (91)
[2019.11.30-22.43.28:103][ 69]LogModuleManager: Shutting down and abandoning module MacServerTargetPlatform (89)
[2019.11.30-22.43.28:103][ 69]LogModuleManager: Shutting down and abandoning module MacNoEditorTargetPlatform (87)
[2019.11.30-22.43.28:103][ 69]LogModuleManager: Shutting down and abandoning module MacClientTargetPlatform (85)
[2019.11.30-22.43.28:103][ 69]LogModuleManager: Shutting down and abandoning module AllDesktopTargetPlatform (83)
[2019.11.30-22.43.28:104][ 69]LogModuleManager: Shutting down and abandoning module InputCore (80)
[2019.11.30-22.43.28:104][ 69]LogModuleManager: Shutting down and abandoning module Settings (78)
[2019.11.30-22.43.28:104][ 69]LogModuleManager: Shutting down and abandoning module DirectoryWatcher (76)
[2019.11.30-22.43.28:104][ 69]LogModuleManager: Shutting down and abandoning module PhysXCooking (74)
[2019.11.30-22.43.28:104][ 69]LogModuleManager: Shutting down and abandoning module SteamVR (72)
[2019.11.30-22.43.28:109][ 69]LogHMD: Freeing OpenVRDLLHandle.
[2019.11.30-22.43.28:109][ 69]LogModuleManager: Shutting down and abandoning module OculusHMD (70)
[2019.11.30-22.43.28:128][ 69]LogModuleManager: Shutting down and abandoning module ExampleDeviceProfileSelector (68)
[2019.11.30-22.43.28:128][ 69]LogModuleManager: Shutting down and abandoning module LauncherChunkInstaller (66)
[2019.11.30-22.43.28:128][ 69]LogModuleManager: Shutting down and abandoning module OnlineBlueprintSupport (64)
[2019.11.30-22.43.28:128][ 69]LogModuleManager: Shutting down and abandoning module OnlineSubsystem (60)
[2019.11.30-22.43.28:157][ 69]LogModuleManager: Shutting down and abandoning module XMPP (55)
[2019.11.30-22.43.28:167][ 69]LogModuleManager: Shutting down and abandoning module WebSockets (54)
[2019.11.30-22.43.28:218][ 69]LogModuleManager: Shutting down and abandoning module HTTP (51)
[2019.11.30-22.43.28:218][ 69]LogHttp: Display: Http module shutting down, but needs to wait on 1 outstanding Http requests:
[2019.11.30-22.43.28:218][ 69]LogHttp: Display: 	verb=[POST] url=[https://datarouter.ol.epicgames.com/datarouter/api/v1/public/data?SessionID=%7B2A261978-47C3-49E2-4D0A-48B9F3B803D6%7D&AppID=UEEditor.Rocket.Release&AppVersion=4.22.3-7053642%2B%2B%2BUE4%2BRelease-4.22&UserID=fa3ff0ad4ce1c5199b2fb4802b06bc0b%7C7fd0ab2df5c44651b521c1249aa48b8c%7C4937d273-03c1-4fe3-8c2b-f69bb6e89416&AppEnvironment=datacollector-binary&UploadType=eteventstream] status=Processing
[2019.11.30-22.43.28:229][ 69]LogModuleManager: Shutting down and abandoning module SSL (50)
[2019.11.30-22.43.28:230][ 69]LogModuleManager: Shutting down and abandoning module WmfMedia (46)
[2019.11.30-22.43.28:262][ 69]LogModuleManager: Shutting down and abandoning module Media (45)
[2019.11.30-22.43.28:268][ 69]LogModuleManager: Shutting down and abandoning module MagicLeap (42)
[2019.11.30-22.43.28:274][ 69]LogModuleManager: Shutting down and abandoning module DatasmithContent (40)
[2019.11.30-22.43.28:301][ 69]LogModuleManager: Shutting down and abandoning module AnimationModifiers (38)
[2019.11.30-22.43.28:321][ 69]LogModuleManager: Shutting down and abandoning module PropertyEditor (37)
[2019.11.30-22.43.28:351][ 69]LogModuleManager: Shutting down and abandoning module AudioEditor (34)
[2019.11.30-22.43.28:371][ 69]LogModuleManager: Shutting down and abandoning module TextureCompressor (32)
[2019.11.30-22.43.28:391][ 69]LogModuleManager: Shutting down and abandoning module RenderCore (30)
[2019.11.30-22.43.28:391][ 69]LogModuleManager: Shutting down and abandoning module Landscape (28)
[2019.11.30-22.43.28:391][ 69]LogModuleManager: Shutting down and abandoning module SlateRHIRenderer (26)
[2019.11.30-22.43.28:407][ 69]LogModuleManager: Shutting down and abandoning module OpenGLDrv (24)
[2019.11.30-22.43.28:427][ 69]LogModuleManager: Shutting down and abandoning module D3D11RHI (22)
[2019.11.30-22.43.28:427][ 69]LogModuleManager: Shutting down and abandoning module AnimGraphRuntime (20)
[2019.11.30-22.43.28:427][ 69]LogModuleManager: Shutting down and abandoning module Renderer (18)
[2019.11.30-22.43.28:427][ 69]LogModuleManager: Shutting down and abandoning module Engine (16)
[2019.11.30-22.43.28:427][ 69]LogModuleManager: Shutting down and abandoning module CoreUObject (14)
[2019.11.30-22.43.28:427][ 69]LogModuleManager: Shutting down and abandoning module NetworkFile (12)
[2019.11.30-22.43.28:438][ 69]LogModuleManager: Shutting down and abandoning module CookedIterativeFile (10)
[2019.11.30-22.43.28:438][ 69]LogModuleManager: Shutting down and abandoning module StreamingFile (8)
[2019.11.30-22.43.28:449][ 69]LogModuleManager: Shutting down and abandoning module SandboxFile (6)
[2019.11.30-22.43.28:449][ 69]LogModuleManager: Shutting down and abandoning module PakFile (4)
[2019.11.30-22.43.28:457][ 69]LogModuleManager: Shutting down and abandoning module RSA (3)
[2019.11.30-22.43.28:487][ 69]LogExit: Exiting.
[2019.11.30-22.43.28:546][ 69]Log file closed, 11/30/19 17:43:28
